#
# There is insufficient memory for the Java Runtime Environment to continue.
# Native memory allocation (mmap) failed to map 65536 bytes for Failed to commit metaspace.
# Possible reasons:
#   The system is out of physical RAM or swap space
#   The process is running with CompressedOops enabled, and the Java Heap may be blocking the growth of the native heap
# Possible solutions:
#   Reduce memory load on the system
#   Increase physical memory or swap space
#   Check if swap backing store is full
#   Decrease Java heap size (-Xmx/-Xms)
#   Decrease number of Java threads
#   Decrease Java thread stack sizes (-Xss)
#   Set larger code cache with -XX:ReservedCodeCacheSize=
#   JVM is running with Zero Based Compressed Oops mode in which the Java heap is
#     placed in the first 32GB address space. The Java Heap base address is the
#     maximum limit for the native heap growth. Please use -XX:HeapBaseMinAddress
#     to set the Java Heap base and to place the Java Heap above 32GB virtual address.
# This output file may be truncated or incomplete.
#
#  Out of Memory Error (virtualSpaceNode.cpp:110), pid=21488, tid=14504
#
# JRE version: Java(TM) SE Runtime Environment (17.0.9+11) (build 17.0.9+11-LTS-201)
# Java VM: Java HotSpot(TM) 64-Bit Server VM (17.0.9+11-LTS-201, mixed mode, sharing, tiered, compressed oops, compressed class ptrs, g1 gc, windows-amd64)
# No core dump will be written. Minidumps are not enabled by default on client versions of Windows
#

---------------  S U M M A R Y ------------

Command Line: -Dclassworlds.conf=C:\Program Files\NetBeans-18\netbeans\java\maven\bin\m2.conf -Dmaven.home=C:\Program Files\NetBeans-18\netbeans\java\maven -Dlibrary.jansi.path=C:\Program Files\NetBeans-18\netbeans\java\maven\lib\jansi-native -Dmaven.multiModuleProjectDirectory=D:\DuAnMau_PY00008\EduSys org.codehaus.plexus.classworlds.launcher.Launcher -Dexec.vmArgs= -Dexec.args=${exec.vmArgs} -classpath %classpath ${exec.mainClass} ${exec.appArgs} -Dexec.executable=C:\Program Files\Java\jdk-17\bin\java.exe -Dexec.mainClass=com.edusys.ui.ChuyenDeJDialog -Dexec.classpathScope=runtime -Dexec.appArgs= -Dmaven.ext.class.path=C:\Program Files\NetBeans-18\netbeans\java\maven-nblib\netbeans-eventspy.jar -Dfile.encoding=UTF-8 --no-transfer-progress process-classes org.codehaus.mojo:exec-maven-plugin:3.1.0:exec

Host: Intel(R) Core(TM) i5-8265U CPU @ 1.60GHz, 8 cores, 11G,  Windows 11 , 64 bit Build 22621 (10.0.22621.3527)
Time: Sat Jun  8 22:39:55 2024 SE Asia Standard Time elapsed time: 3.873025 seconds (0d 0h 0m 3s)

---------------  T H R E A D  ---------------

Current thread (0x000002638fe04850):  JavaThread "main" [_thread_in_vm, id=14504, stack(0x000000e869300000,0x000000e869400000)]

Stack: [0x000000e869300000,0x000000e869400000]
Native frames: (J=compiled Java code, j=interpreted, Vv=VM code, C=native code)
V  [jvm.dll+0x678a4a]
V  [jvm.dll+0x7d9cfd]
V  [jvm.dll+0x7db60e]
V  [jvm.dll+0x7dbc73]
V  [jvm.dll+0x245e1f]
V  [jvm.dll+0x7d5a0b]
V  [jvm.dll+0x61ebc6]
V  [jvm.dll+0x1c01f7]
V  [jvm.dll+0x621530]
V  [jvm.dll+0x61f586]
V  [jvm.dll+0x36a3c2]
V  [jvm.dll+0x1e1b4b]
V  [jvm.dll+0x53eb15]
V  [jvm.dll+0x7546bd]
V  [jvm.dll+0x75461a]
V  [jvm.dll+0x40cdf3]
V  [jvm.dll+0x42041c]
C  [java.dll+0x1657]

Java frames: (J=compiled Java code, j=interpreted, Vv=VM code)
j  java.lang.ClassLoader.defineClass0(Ljava/lang/ClassLoader;Ljava/lang/Class;Ljava/lang/String;[BIILjava/security/ProtectionDomain;ZILjava/lang/Object;)Ljava/lang/Class;+0 java.base@17.0.9
j  java.lang.System$2.defineClass(Ljava/lang/ClassLoader;Ljava/lang/Class;Ljava/lang/String;[BLjava/security/ProtectionDomain;ZILjava/lang/Object;)Ljava/lang/Class;+17 java.base@17.0.9
j  java.lang.invoke.MethodHandles$Lookup$ClassDefiner.defineClass(ZLjava/lang/Object;)Ljava/lang/Class;+54 java.base@17.0.9
j  java.lang.invoke.InvokerBytecodeGenerator.loadMethod([B)Ljava/lang/invoke/MemberName;+16 java.base@17.0.9
j  java.lang.invoke.InvokerBytecodeGenerator.generateCustomizedCode(Ljava/lang/invoke/LambdaForm;Ljava/lang/invoke/MethodType;)Ljava/lang/invoke/MemberName;+30 java.base@17.0.9
j  java.lang.invoke.LambdaForm.compileToBytecode()V+69 java.base@17.0.9
j  java.lang.invoke.LambdaForm.customize(Ljava/lang/invoke/MethodHandle;)Ljava/lang/invoke/LambdaForm;+53 java.base@17.0.9
j  java.lang.invoke.MethodHandle$1.apply(Ljava/lang/invoke/LambdaForm;)Ljava/lang/invoke/LambdaForm;+5 java.base@17.0.9
j  java.lang.invoke.MethodHandle$1.apply(Ljava/lang/Object;)Ljava/lang/Object;+5 java.base@17.0.9
j  java.lang.invoke.MethodHandle.updateForm(Ljava/util/function/Function;)V+22 java.base@17.0.9
j  java.lang.invoke.MethodHandle.customize()V+9 java.base@17.0.9
j  java.lang.invoke.MethodHandle.maybeCustomize()V+23 java.base@17.0.9
j  java.lang.invoke.Invokers.maybeCustomize(Ljava/lang/invoke/MethodHandle;)V+1 java.base@17.0.9
J 2394 c1 java.lang.invoke.Invokers.checkCustomized(Ljava/lang/invoke/MethodHandle;)V java.base@17.0.9 (23 bytes) @ 0x0000026397b31f24 [0x0000026397b31e40+0x00000000000000e4]
j  java.lang.invoke.Invokers$Holder.invokeExact_MT(Ljava/lang/Object;Ljava/lang/Object;Ljava/lang/Object;Ljava/lang/Object;Ljava/lang/Object;Ljava/lang/Object;Ljava/lang/Object;Ljava/lang/Object;)Ljava/lang/Object;+15 java.base@17.0.9
j  java.lang.invoke.BootstrapMethodInvoker.invoke(Ljava/lang/Class;Ljava/lang/invoke/MethodHandle;Ljava/lang/String;Ljava/lang/Object;Ljava/lang/Object;Ljava/lang/Class;)Ljava/lang/Object;+319 java.base@17.0.9
j  java.lang.invoke.CallSite.makeSite(Ljava/lang/invoke/MethodHandle;Ljava/lang/String;Ljava/lang/invoke/MethodType;Ljava/lang/Object;Ljava/lang/Class;)Ljava/lang/invoke/CallSite;+8 java.base@17.0.9
j  java.lang.invoke.MethodHandleNatives.linkCallSiteImpl(Ljava/lang/Class;Ljava/lang/invoke/MethodHandle;Ljava/lang/String;Ljava/lang/invoke/MethodType;Ljava/lang/Object;[Ljava/lang/Object;)Ljava/lang/invoke/MemberName;+6 java.base@17.0.9
j  java.lang.invoke.MethodHandleNatives.linkCallSite(Ljava/lang/Object;ILjava/lang/Object;Ljava/lang/Object;Ljava/lang/Object;Ljava/lang/Object;[Ljava/lang/Object;)Ljava/lang/invoke/MemberName;+46 java.base@17.0.9
v  ~StubRoutines::call_stub
j  org.apache.maven.RepositoryUtils.toArtifacts(Ljava/util/Collection;)Ljava/util/Collection;+6
j  org.apache.maven.plugin.internal.DefaultMavenPluginManager.toAetherArtifacts(Ljava/util/List;)Ljava/util/List;+5
j  org.apache.maven.plugin.internal.DefaultMavenPluginManager.createPluginRealm(Lorg/apache/maven/plugin/descriptor/PluginDescriptor;Lorg/apache/maven/execution/MavenSession;Ljava/lang/ClassLoader;Ljava/util/Map;Lorg/eclipse/aether/graph/DependencyFilter;)V+127
j  org.apache.maven.plugin.internal.DefaultMavenPluginManager.lambda$setupPluginRealm$1(Lorg/apache/maven/plugin/descriptor/PluginDescriptor;Lorg/apache/maven/execution/MavenSession;Ljava/lang/ClassLoader;Ljava/util/Map;Lorg/eclipse/aether/graph/DependencyFilter;)Lorg/apache/maven/plugin/PluginRealmCache$CacheRecord;+8
j  org.apache.maven.plugin.internal.DefaultMavenPluginManager$$Lambda$128+0x00000263b21bb110.load()Lorg/apache/maven/plugin/PluginRealmCache$CacheRecord;+24
j  org.apache.maven.plugin.DefaultPluginRealmCache.lambda$get$0(Lorg/apache/maven/plugin/PluginRealmCache$PluginRealmSupplier;Lorg/apache/maven/plugin/PluginRealmCache$Key;)Lorg/apache/maven/plugin/PluginRealmCache$CacheRecord;+1
j  org.apache.maven.plugin.DefaultPluginRealmCache$$Lambda$129+0x00000263b21bb330.apply(Ljava/lang/Object;)Ljava/lang/Object;+8
J 694 c1 java.util.concurrent.ConcurrentHashMap.computeIfAbsent(Ljava/lang/Object;Ljava/util/function/Function;)Ljava/lang/Object; java.base@17.0.9 (576 bytes) @ 0x00000263977ed494 [0x00000263977ecea0+0x00000000000005f4]
j  org.apache.maven.plugin.DefaultPluginRealmCache.get(Lorg/apache/maven/plugin/PluginRealmCache$Key;Lorg/apache/maven/plugin/PluginRealmCache$PluginRealmSupplier;)Lorg/apache/maven/plugin/PluginRealmCache$CacheRecord;+11
j  org.apache.maven.plugin.internal.DefaultMavenPluginManager.setupPluginRealm(Lorg/apache/maven/plugin/descriptor/PluginDescriptor;Lorg/apache/maven/execution/MavenSession;Ljava/lang/ClassLoader;Ljava/util/List;Lorg/eclipse/aether/graph/DependencyFilter;)V+182
j  org.apache.maven.plugin.DefaultBuildPluginManager.getPluginRealm(Lorg/apache/maven/execution/MavenSession;Lorg/apache/maven/plugin/descriptor/PluginDescriptor;)Lorg/codehaus/plexus/classworlds/realm/ClassRealm;+20
j  org.apache.maven.plugin.DefaultBuildPluginManager.executeMojo(Lorg/apache/maven/execution/MavenSession;Lorg/apache/maven/plugin/MojoExecution;)V+21
j  org.apache.maven.lifecycle.internal.MojoExecutor.doExecute2(Lorg/apache/maven/execution/MavenSession;Lorg/apache/maven/plugin/MojoExecution;)V+20
j  org.apache.maven.lifecycle.internal.MojoExecutor.doExecute(Lorg/apache/maven/execution/MavenSession;Lorg/apache/maven/plugin/MojoExecution;Lorg/apache/maven/lifecycle/internal/ProjectIndex;Lorg/apache/maven/lifecycle/internal/DependencyContext;)V+40
j  org.apache.maven.lifecycle.internal.MojoExecutor.execute(Lorg/apache/maven/execution/MavenSession;Lorg/apache/maven/plugin/MojoExecution;Lorg/apache/maven/lifecycle/internal/ProjectIndex;Lorg/apache/maven/lifecycle/internal/DependencyContext;)V+183
j  org.apache.maven.lifecycle.internal.MojoExecutor.execute(Lorg/apache/maven/execution/MavenSession;Lorg/apache/maven/plugin/MojoExecution;Lorg/apache/maven/lifecycle/internal/ProjectIndex;Lorg/apache/maven/lifecycle/internal/DependencyContext;Lorg/apache/maven/lifecycle/internal/PhaseRecorder;)V+6
j  org.apache.maven.lifecycle.internal.MojoExecutor.access$000(Lorg/apache/maven/lifecycle/internal/MojoExecutor;Lorg/apache/maven/execution/MavenSession;Lorg/apache/maven/plugin/MojoExecution;Lorg/apache/maven/lifecycle/internal/ProjectIndex;Lorg/apache/maven/lifecycle/internal/DependencyContext;Lorg/apache/maven/lifecycle/internal/PhaseRecorder;)V+8
j  org.apache.maven.lifecycle.internal.MojoExecutor$1.run(Lorg/apache/maven/plugin/MojoExecution;)V+21
j  org.apache.maven.plugin.DefaultMojosExecutionStrategy.execute(Ljava/util/List;Lorg/apache/maven/execution/MavenSession;Lorg/apache/maven/plugin/MojoExecutionRunner;)V+33
j  org.apache.maven.lifecycle.internal.MojoExecutor.execute(Lorg/apache/maven/execution/MavenSession;Ljava/util/List;Lorg/apache/maven/lifecycle/internal/ProjectIndex;)V+72
j  org.apache.maven.lifecycle.internal.LifecycleModuleBuilder.buildProject(Lorg/apache/maven/execution/MavenSession;Lorg/apache/maven/execution/MavenSession;Lorg/apache/maven/lifecycle/internal/ReactorContext;Lorg/apache/maven/project/MavenProject;Lorg/apache/maven/lifecycle/internal/TaskSegment;)V+151
j  org.apache.maven.lifecycle.internal.LifecycleModuleBuilder.buildProject(Lorg/apache/maven/execution/MavenSession;Lorg/apache/maven/lifecycle/internal/ReactorContext;Lorg/apache/maven/project/MavenProject;Lorg/apache/maven/lifecycle/internal/TaskSegment;)V+7
j  org.apache.maven.lifecycle.internal.builder.singlethreaded.SingleThreadedBuilder.build(Lorg/apache/maven/execution/MavenSession;Lorg/apache/maven/lifecycle/internal/ReactorContext;Lorg/apache/maven/lifecycle/internal/ProjectBuildList;Ljava/util/List;Lorg/apache/maven/lifecycle/internal/ReactorBuildStatus;)V+77
j  org.apache.maven.lifecycle.internal.LifecycleStarter.execute(Lorg/apache/maven/execution/MavenSession;)V+341
j  org.apache.maven.DefaultMaven.doExecute(Lorg/apache/maven/execution/MavenExecutionRequest;Lorg/apache/maven/execution/MavenSession;Lorg/apache/maven/execution/MavenExecutionResult;Lorg/eclipse/aether/DefaultRepositorySystemSession;)Lorg/apache/maven/execution/MavenExecutionResult;+418
j  org.apache.maven.DefaultMaven.doExecute(Lorg/apache/maven/execution/MavenExecutionRequest;)Lorg/apache/maven/execution/MavenExecutionResult;+98
j  org.apache.maven.DefaultMaven.execute(Lorg/apache/maven/execution/MavenExecutionRequest;)Lorg/apache/maven/execution/MavenExecutionResult;+2
j  org.apache.maven.cli.MavenCli.execute(Lorg/apache/maven/cli/CliRequest;)I+27
j  org.apache.maven.cli.MavenCli.doMain(Lorg/apache/maven/cli/CliRequest;)I+66
j  org.apache.maven.cli.MavenCli.main([Ljava/lang/String;Lorg/codehaus/plexus/classworlds/ClassWorld;)I+24
v  ~StubRoutines::call_stub
j  jdk.internal.reflect.NativeMethodAccessorImpl.invoke0(Ljava/lang/reflect/Method;Ljava/lang/Object;[Ljava/lang/Object;)Ljava/lang/Object;+0 java.base@17.0.9
j  jdk.internal.reflect.NativeMethodAccessorImpl.invoke(Ljava/lang/Object;[Ljava/lang/Object;)Ljava/lang/Object;+133 java.base@17.0.9
j  jdk.internal.reflect.DelegatingMethodAccessorImpl.invoke(Ljava/lang/Object;[Ljava/lang/Object;)Ljava/lang/Object;+6 java.base@17.0.9
j  java.lang.reflect.Method.invoke(Ljava/lang/Object;[Ljava/lang/Object;)Ljava/lang/Object;+59 java.base@17.0.9
j  org.codehaus.plexus.classworlds.launcher.Launcher.launchEnhanced([Ljava/lang/String;)V+45
j  org.codehaus.plexus.classworlds.launcher.Launcher.launch([Ljava/lang/String;)V+2
j  org.codehaus.plexus.classworlds.launcher.Launcher.mainWithExitCode([Ljava/lang/String;)I+101
j  org.codehaus.plexus.classworlds.launcher.Launcher.main([Ljava/lang/String;)V+1
v  ~StubRoutines::call_stub

---------------  P R O C E S S  ---------------

Threads class SMR info:
_java_thread_list=0x00000263f6549060, length=14, elements={
0x000002638fe04850, 0x00000263b04bdca0, 0x00000263b04bfa40, 0x00000263b04d25d0,
0x00000263b04d3fb0, 0x00000263b04d6890, 0x00000263b04d8170, 0x00000263b0504340,
0x00000263b0504d00, 0x00000263b050b640, 0x00000263b07320a0, 0x00000263b07389a0,
0x00000263f6515df0, 0x00000263f6733660
}

Java Threads: ( => current thread )
=>0x000002638fe04850 JavaThread "main" [_thread_in_vm, id=14504, stack(0x000000e869300000,0x000000e869400000)]
  0x00000263b04bdca0 JavaThread "Reference Handler" daemon [_thread_blocked, id=16232, stack(0x000000e869a00000,0x000000e869b00000)]
  0x00000263b04bfa40 JavaThread "Finalizer" daemon [_thread_blocked, id=18264, stack(0x000000e869b00000,0x000000e869c00000)]
  0x00000263b04d25d0 JavaThread "Signal Dispatcher" daemon [_thread_blocked, id=14296, stack(0x000000e869c00000,0x000000e869d00000)]
  0x00000263b04d3fb0 JavaThread "Attach Listener" daemon [_thread_blocked, id=6920, stack(0x000000e869d00000,0x000000e869e00000)]
  0x00000263b04d6890 JavaThread "Service Thread" daemon [_thread_blocked, id=8260, stack(0x000000e869e00000,0x000000e869f00000)]
  0x00000263b04d8170 JavaThread "Monitor Deflation Thread" daemon [_thread_blocked, id=16900, stack(0x000000e869f00000,0x000000e86a000000)]
  0x00000263b0504340 JavaThread "C2 CompilerThread0" daemon [_thread_blocked, id=2200, stack(0x000000e86a000000,0x000000e86a100000)]
  0x00000263b0504d00 JavaThread "C1 CompilerThread0" daemon [_thread_blocked, id=17948, stack(0x000000e86a100000,0x000000e86a200000)]
  0x00000263b050b640 JavaThread "Sweeper thread" daemon [_thread_blocked, id=264, stack(0x000000e86a200000,0x000000e86a300000)]
  0x00000263b07320a0 JavaThread "Notification Thread" daemon [_thread_blocked, id=3740, stack(0x000000e86a300000,0x000000e86a400000)]
  0x00000263b07389a0 JavaThread "Common-Cleaner" daemon [_thread_blocked, id=11904, stack(0x000000e86a500000,0x000000e86a600000)]
  0x00000263f6515df0 JavaThread "C2 CompilerThread1" daemon [_thread_blocked, id=2084, stack(0x000000e86a600000,0x000000e86a700000)]
  0x00000263f6733660 JavaThread "C2 CompilerThread2" daemon [_thread_blocked, id=7672, stack(0x000000e86a700000,0x000000e86a800000)]

Other Threads:
  0x00000263b04b64d0 VMThread "VM Thread" [stack: 0x000000e869900000,0x000000e869a00000] [id=16484]
  0x000002638fe72c70 WatcherThread [stack: 0x000000e86a400000,0x000000e86a500000] [id=15080]
  0x000002638fe5dd30 GCTaskThread "GC Thread#0" [stack: 0x000000e869400000,0x000000e869500000] [id=16452]
  0x00000263f6b84010 GCTaskThread "GC Thread#1" [stack: 0x000000e86a800000,0x000000e86a900000] [id=20180]
  0x00000263b0753d90 GCTaskThread "GC Thread#2" [stack: 0x000000e86a900000,0x000000e86aa00000] [id=8944]
  0x00000263f6c84d90 GCTaskThread "GC Thread#3" [stack: 0x000000e86aa00000,0x000000e86ab00000] [id=19240]
  0x00000263f6e14cb0 GCTaskThread "GC Thread#4" [stack: 0x000000e86ab00000,0x000000e86ac00000] [id=18116]
  0x00000263f6bd80c0 GCTaskThread "GC Thread#5" [stack: 0x000000e86ac00000,0x000000e86ad00000] [id=16092]
  0x00000263f6bd8590 GCTaskThread "GC Thread#6" [stack: 0x000000e86ad00000,0x000000e86ae00000] [id=17088]
  0x00000263f69da240 GCTaskThread "GC Thread#7" [stack: 0x000000e86ae00000,0x000000e86af00000] [id=17184]
  0x000002638fe6b9a0 ConcurrentGCThread "G1 Main Marker" [stack: 0x000000e869500000,0x000000e869600000] [id=7944]
  0x000002638fe6c2c0 ConcurrentGCThread "G1 Conc#0" [stack: 0x000000e869600000,0x000000e869700000] [id=18940]
  0x00000263b03824c0 ConcurrentGCThread "G1 Refine#0" [stack: 0x000000e869700000,0x000000e869800000] [id=15464]
  0x00000263b0382e00 ConcurrentGCThread "G1 Service" [stack: 0x000000e869800000,0x000000e869900000] [id=5412]

Threads with active compile tasks:

VM state: not at safepoint (normal execution)

VM Mutex/Monitor currently owned by a thread:  ([mutex/lock_event])
[0x000002638fe00080] Metaspace_lock - owner thread: 0x000002638fe04850

Heap address: 0x0000000742000000, size: 3040 MB, Compressed Oops mode: Zero based, Oop shift amount: 3

CDS archive(s) mapped at: [0x00000263b1000000-0x00000263b1bd0000-0x00000263b1bd0000), size 12386304, SharedBaseAddress: 0x00000263b1000000, ArchiveRelocationMode: 1.
Compressed class space mapped at: 0x00000263b2000000-0x00000263f2000000, reserved size: 1073741824
Narrow klass base: 0x00000263b1000000, Narrow klass shift: 0, Narrow klass range: 0x100000000

GC Precious Log:
 CPUs: 8 total, 8 available
 Memory: 12158M
 Large Page Support: Disabled
 NUMA Support: Disabled
 Compressed Oops: Enabled (Zero based)
 Heap Region Size: 2M
 Heap Min Capacity: 8M
 Heap Initial Capacity: 190M
 Heap Max Capacity: 3040M
 Pre-touch: Disabled
 Parallel Workers: 8
 Concurrent Workers: 2
 Concurrent Refinement Workers: 8
 Periodic GC: Disabled

Heap:
 garbage-first heap   total 194560K, used 40324K [0x0000000742000000, 0x0000000800000000)
  region size 2048K, 19 young (38912K), 1 survivors (2048K)
 Metaspace       used 14795K, committed 14976K, reserved 1114112K
  class space    used 1791K, committed 1856K, reserved 1048576K

Heap Regions: E=young(eden), S=young(survivor), O=old, HS=humongous(starts), HC=humongous(continues), CS=collection set, F=free, OA=open archive, CA=closed archive, TAMS=top-at-mark-start (previous, next)
|   0|0x0000000742000000, 0x0000000742200000, 0x0000000742200000|100%| O|  |TAMS 0x0000000742000000, 0x0000000742000000| Untracked 
|   1|0x0000000742200000, 0x0000000742361200, 0x0000000742400000| 68%| O|  |TAMS 0x0000000742200000, 0x0000000742200000| Untracked 
|   2|0x0000000742400000, 0x0000000742400000, 0x0000000742600000|  0%| F|  |TAMS 0x0000000742400000, 0x0000000742400000| Untracked 
|   3|0x0000000742600000, 0x0000000742600000, 0x0000000742800000|  0%| F|  |TAMS 0x0000000742600000, 0x0000000742600000| Untracked 
|   4|0x0000000742800000, 0x0000000742800000, 0x0000000742a00000|  0%| F|  |TAMS 0x0000000742800000, 0x0000000742800000| Untracked 
|   5|0x0000000742a00000, 0x0000000742a00000, 0x0000000742c00000|  0%| F|  |TAMS 0x0000000742a00000, 0x0000000742a00000| Untracked 
|   6|0x0000000742c00000, 0x0000000742c00000, 0x0000000742e00000|  0%| F|  |TAMS 0x0000000742c00000, 0x0000000742c00000| Untracked 
|   7|0x0000000742e00000, 0x0000000742e00000, 0x0000000743000000|  0%| F|  |TAMS 0x0000000742e00000, 0x0000000742e00000| Untracked 
|   8|0x0000000743000000, 0x0000000743000000, 0x0000000743200000|  0%| F|  |TAMS 0x0000000743000000, 0x0000000743000000| Untracked 
|   9|0x0000000743200000, 0x0000000743200000, 0x0000000743400000|  0%| F|  |TAMS 0x0000000743200000, 0x0000000743200000| Untracked 
|  10|0x0000000743400000, 0x0000000743400000, 0x0000000743600000|  0%| F|  |TAMS 0x0000000743400000, 0x0000000743400000| Untracked 
|  11|0x0000000743600000, 0x0000000743600000, 0x0000000743800000|  0%| F|  |TAMS 0x0000000743600000, 0x0000000743600000| Untracked 
|  12|0x0000000743800000, 0x0000000743800000, 0x0000000743a00000|  0%| F|  |TAMS 0x0000000743800000, 0x0000000743800000| Untracked 
|  13|0x0000000743a00000, 0x0000000743a00000, 0x0000000743c00000|  0%| F|  |TAMS 0x0000000743a00000, 0x0000000743a00000| Untracked 
|  14|0x0000000743c00000, 0x0000000743c00000, 0x0000000743e00000|  0%| F|  |TAMS 0x0000000743c00000, 0x0000000743c00000| Untracked 
|  15|0x0000000743e00000, 0x0000000743e00000, 0x0000000744000000|  0%| F|  |TAMS 0x0000000743e00000, 0x0000000743e00000| Untracked 
|  16|0x0000000744000000, 0x0000000744000000, 0x0000000744200000|  0%| F|  |TAMS 0x0000000744000000, 0x0000000744000000| Untracked 
|  17|0x0000000744200000, 0x0000000744200000, 0x0000000744400000|  0%| F|  |TAMS 0x0000000744200000, 0x0000000744200000| Untracked 
|  18|0x0000000744400000, 0x0000000744400000, 0x0000000744600000|  0%| F|  |TAMS 0x0000000744400000, 0x0000000744400000| Untracked 
|  19|0x0000000744600000, 0x0000000744600000, 0x0000000744800000|  0%| F|  |TAMS 0x0000000744600000, 0x0000000744600000| Untracked 
|  20|0x0000000744800000, 0x0000000744800000, 0x0000000744a00000|  0%| F|  |TAMS 0x0000000744800000, 0x0000000744800000| Untracked 
|  21|0x0000000744a00000, 0x0000000744a00000, 0x0000000744c00000|  0%| F|  |TAMS 0x0000000744a00000, 0x0000000744a00000| Untracked 
|  22|0x0000000744c00000, 0x0000000744c00000, 0x0000000744e00000|  0%| F|  |TAMS 0x0000000744c00000, 0x0000000744c00000| Untracked 
|  23|0x0000000744e00000, 0x0000000744e00000, 0x0000000745000000|  0%| F|  |TAMS 0x0000000744e00000, 0x0000000744e00000| Untracked 
|  24|0x0000000745000000, 0x0000000745000000, 0x0000000745200000|  0%| F|  |TAMS 0x0000000745000000, 0x0000000745000000| Untracked 
|  25|0x0000000745200000, 0x0000000745200000, 0x0000000745400000|  0%| F|  |TAMS 0x0000000745200000, 0x0000000745200000| Untracked 
|  26|0x0000000745400000, 0x0000000745400000, 0x0000000745600000|  0%| F|  |TAMS 0x0000000745400000, 0x0000000745400000| Untracked 
|  27|0x0000000745600000, 0x0000000745600000, 0x0000000745800000|  0%| F|  |TAMS 0x0000000745600000, 0x0000000745600000| Untracked 
|  28|0x0000000745800000, 0x0000000745800000, 0x0000000745a00000|  0%| F|  |TAMS 0x0000000745800000, 0x0000000745800000| Untracked 
|  29|0x0000000745a00000, 0x0000000745a00000, 0x0000000745c00000|  0%| F|  |TAMS 0x0000000745a00000, 0x0000000745a00000| Untracked 
|  30|0x0000000745c00000, 0x0000000745c00000, 0x0000000745e00000|  0%| F|  |TAMS 0x0000000745c00000, 0x0000000745c00000| Untracked 
|  31|0x0000000745e00000, 0x0000000745e00000, 0x0000000746000000|  0%| F|  |TAMS 0x0000000745e00000, 0x0000000745e00000| Untracked 
|  32|0x0000000746000000, 0x0000000746000000, 0x0000000746200000|  0%| F|  |TAMS 0x0000000746000000, 0x0000000746000000| Untracked 
|  33|0x0000000746200000, 0x0000000746200000, 0x0000000746400000|  0%| F|  |TAMS 0x0000000746200000, 0x0000000746200000| Untracked 
|  34|0x0000000746400000, 0x0000000746400000, 0x0000000746600000|  0%| F|  |TAMS 0x0000000746400000, 0x0000000746400000| Untracked 
|  35|0x0000000746600000, 0x0000000746600000, 0x0000000746800000|  0%| F|  |TAMS 0x0000000746600000, 0x0000000746600000| Untracked 
|  36|0x0000000746800000, 0x0000000746800000, 0x0000000746a00000|  0%| F|  |TAMS 0x0000000746800000, 0x0000000746800000| Untracked 
|  37|0x0000000746a00000, 0x0000000746a00000, 0x0000000746c00000|  0%| F|  |TAMS 0x0000000746a00000, 0x0000000746a00000| Untracked 
|  38|0x0000000746c00000, 0x0000000746c00000, 0x0000000746e00000|  0%| F|  |TAMS 0x0000000746c00000, 0x0000000746c00000| Untracked 
|  39|0x0000000746e00000, 0x0000000746e00000, 0x0000000747000000|  0%| F|  |TAMS 0x0000000746e00000, 0x0000000746e00000| Untracked 
|  40|0x0000000747000000, 0x0000000747000000, 0x0000000747200000|  0%| F|  |TAMS 0x0000000747000000, 0x0000000747000000| Untracked 
|  41|0x0000000747200000, 0x0000000747200000, 0x0000000747400000|  0%| F|  |TAMS 0x0000000747200000, 0x0000000747200000| Untracked 
|  42|0x0000000747400000, 0x0000000747400000, 0x0000000747600000|  0%| F|  |TAMS 0x0000000747400000, 0x0000000747400000| Untracked 
|  43|0x0000000747600000, 0x0000000747600000, 0x0000000747800000|  0%| F|  |TAMS 0x0000000747600000, 0x0000000747600000| Untracked 
|  44|0x0000000747800000, 0x0000000747800000, 0x0000000747a00000|  0%| F|  |TAMS 0x0000000747800000, 0x0000000747800000| Untracked 
|  45|0x0000000747a00000, 0x0000000747a00000, 0x0000000747c00000|  0%| F|  |TAMS 0x0000000747a00000, 0x0000000747a00000| Untracked 
|  46|0x0000000747c00000, 0x0000000747c00000, 0x0000000747e00000|  0%| F|  |TAMS 0x0000000747c00000, 0x0000000747c00000| Untracked 
|  47|0x0000000747e00000, 0x0000000747e00000, 0x0000000748000000|  0%| F|  |TAMS 0x0000000747e00000, 0x0000000747e00000| Untracked 
|  48|0x0000000748000000, 0x0000000748000000, 0x0000000748200000|  0%| F|  |TAMS 0x0000000748000000, 0x0000000748000000| Untracked 
|  49|0x0000000748200000, 0x0000000748200000, 0x0000000748400000|  0%| F|  |TAMS 0x0000000748200000, 0x0000000748200000| Untracked 
|  50|0x0000000748400000, 0x0000000748400000, 0x0000000748600000|  0%| F|  |TAMS 0x0000000748400000, 0x0000000748400000| Untracked 
|  51|0x0000000748600000, 0x0000000748600000, 0x0000000748800000|  0%| F|  |TAMS 0x0000000748600000, 0x0000000748600000| Untracked 
|  52|0x0000000748800000, 0x0000000748800000, 0x0000000748a00000|  0%| F|  |TAMS 0x0000000748800000, 0x0000000748800000| Untracked 
|  53|0x0000000748a00000, 0x0000000748a00000, 0x0000000748c00000|  0%| F|  |TAMS 0x0000000748a00000, 0x0000000748a00000| Untracked 
|  54|0x0000000748c00000, 0x0000000748c00000, 0x0000000748e00000|  0%| F|  |TAMS 0x0000000748c00000, 0x0000000748c00000| Untracked 
|  55|0x0000000748e00000, 0x0000000748e00000, 0x0000000749000000|  0%| F|  |TAMS 0x0000000748e00000, 0x0000000748e00000| Untracked 
|  56|0x0000000749000000, 0x0000000749000000, 0x0000000749200000|  0%| F|  |TAMS 0x0000000749000000, 0x0000000749000000| Untracked 
|  57|0x0000000749200000, 0x0000000749200000, 0x0000000749400000|  0%| F|  |TAMS 0x0000000749200000, 0x0000000749200000| Untracked 
|  58|0x0000000749400000, 0x0000000749400000, 0x0000000749600000|  0%| F|  |TAMS 0x0000000749400000, 0x0000000749400000| Untracked 
|  59|0x0000000749600000, 0x0000000749600000, 0x0000000749800000|  0%| F|  |TAMS 0x0000000749600000, 0x0000000749600000| Untracked 
|  60|0x0000000749800000, 0x0000000749800000, 0x0000000749a00000|  0%| F|  |TAMS 0x0000000749800000, 0x0000000749800000| Untracked 
|  61|0x0000000749a00000, 0x0000000749a00000, 0x0000000749c00000|  0%| F|  |TAMS 0x0000000749a00000, 0x0000000749a00000| Untracked 
|  62|0x0000000749c00000, 0x0000000749c00000, 0x0000000749e00000|  0%| F|  |TAMS 0x0000000749c00000, 0x0000000749c00000| Untracked 
|  63|0x0000000749e00000, 0x0000000749e00000, 0x000000074a000000|  0%| F|  |TAMS 0x0000000749e00000, 0x0000000749e00000| Untracked 
|  64|0x000000074a000000, 0x000000074a000000, 0x000000074a200000|  0%| F|  |TAMS 0x000000074a000000, 0x000000074a000000| Untracked 
|  65|0x000000074a200000, 0x000000074a200000, 0x000000074a400000|  0%| F|  |TAMS 0x000000074a200000, 0x000000074a200000| Untracked 
|  66|0x000000074a400000, 0x000000074a400000, 0x000000074a600000|  0%| F|  |TAMS 0x000000074a400000, 0x000000074a400000| Untracked 
|  67|0x000000074a600000, 0x000000074a600000, 0x000000074a800000|  0%| F|  |TAMS 0x000000074a600000, 0x000000074a600000| Untracked 
|  68|0x000000074a800000, 0x000000074a800000, 0x000000074aa00000|  0%| F|  |TAMS 0x000000074a800000, 0x000000074a800000| Untracked 
|  69|0x000000074aa00000, 0x000000074aa00000, 0x000000074ac00000|  0%| F|  |TAMS 0x000000074aa00000, 0x000000074aa00000| Untracked 
|  70|0x000000074ac00000, 0x000000074ac00000, 0x000000074ae00000|  0%| F|  |TAMS 0x000000074ac00000, 0x000000074ac00000| Untracked 
|  71|0x000000074ae00000, 0x000000074ae00000, 0x000000074b000000|  0%| F|  |TAMS 0x000000074ae00000, 0x000000074ae00000| Untracked 
|  72|0x000000074b000000, 0x000000074b000000, 0x000000074b200000|  0%| F|  |TAMS 0x000000074b000000, 0x000000074b000000| Untracked 
|  73|0x000000074b200000, 0x000000074b200000, 0x000000074b400000|  0%| F|  |TAMS 0x000000074b200000, 0x000000074b200000| Untracked 
|  74|0x000000074b400000, 0x000000074b400000, 0x000000074b600000|  0%| F|  |TAMS 0x000000074b400000, 0x000000074b400000| Untracked 
|  75|0x000000074b600000, 0x000000074b600000, 0x000000074b800000|  0%| F|  |TAMS 0x000000074b600000, 0x000000074b600000| Untracked 
|  76|0x000000074b800000, 0x000000074ba00000, 0x000000074ba00000|100%| E|  |TAMS 0x000000074b800000, 0x000000074b800000| Complete 
|  77|0x000000074ba00000, 0x000000074bc00000, 0x000000074bc00000|100%| S|CS|TAMS 0x000000074ba00000, 0x000000074ba00000| Complete 
|  78|0x000000074bc00000, 0x000000074be00000, 0x000000074be00000|100%| E|CS|TAMS 0x000000074bc00000, 0x000000074bc00000| Complete 
|  79|0x000000074be00000, 0x000000074c000000, 0x000000074c000000|100%| E|CS|TAMS 0x000000074be00000, 0x000000074be00000| Complete 
|  80|0x000000074c000000, 0x000000074c200000, 0x000000074c200000|100%| E|CS|TAMS 0x000000074c000000, 0x000000074c000000| Complete 
|  81|0x000000074c200000, 0x000000074c400000, 0x000000074c400000|100%| E|CS|TAMS 0x000000074c200000, 0x000000074c200000| Complete 
|  82|0x000000074c400000, 0x000000074c600000, 0x000000074c600000|100%| E|CS|TAMS 0x000000074c400000, 0x000000074c400000| Complete 
|  83|0x000000074c600000, 0x000000074c800000, 0x000000074c800000|100%| E|CS|TAMS 0x000000074c600000, 0x000000074c600000| Complete 
|  84|0x000000074c800000, 0x000000074ca00000, 0x000000074ca00000|100%| E|CS|TAMS 0x000000074c800000, 0x000000074c800000| Complete 
|  85|0x000000074ca00000, 0x000000074cc00000, 0x000000074cc00000|100%| E|CS|TAMS 0x000000074ca00000, 0x000000074ca00000| Complete 
|  86|0x000000074cc00000, 0x000000074ce00000, 0x000000074ce00000|100%| E|CS|TAMS 0x000000074cc00000, 0x000000074cc00000| Complete 
|  87|0x000000074ce00000, 0x000000074d000000, 0x000000074d000000|100%| E|CS|TAMS 0x000000074ce00000, 0x000000074ce00000| Complete 
|  88|0x000000074d000000, 0x000000074d200000, 0x000000074d200000|100%| E|CS|TAMS 0x000000074d000000, 0x000000074d000000| Complete 
|  89|0x000000074d200000, 0x000000074d400000, 0x000000074d400000|100%| E|CS|TAMS 0x000000074d200000, 0x000000074d200000| Complete 
|  90|0x000000074d400000, 0x000000074d600000, 0x000000074d600000|100%| E|CS|TAMS 0x000000074d400000, 0x000000074d400000| Complete 
|  91|0x000000074d600000, 0x000000074d800000, 0x000000074d800000|100%| E|CS|TAMS 0x000000074d600000, 0x000000074d600000| Complete 
|  92|0x000000074d800000, 0x000000074da00000, 0x000000074da00000|100%| E|CS|TAMS 0x000000074d800000, 0x000000074d800000| Complete 
|  93|0x000000074da00000, 0x000000074dc00000, 0x000000074dc00000|100%| E|CS|TAMS 0x000000074da00000, 0x000000074da00000| Complete 
|  94|0x000000074dc00000, 0x000000074de00000, 0x000000074de00000|100%| E|CS|TAMS 0x000000074dc00000, 0x000000074dc00000| Complete 

Card table byte_map: [0x00000263a6fc0000,0x00000263a75b0000] _byte_map_base: 0x00000263a35b0000

Marking Bits (Prev, Next): (CMBitMap*) 0x000002638fe5f270, (CMBitMap*) 0x000002638fe5f2b0
 Prev Bits: [0x00000263a7ba0000, 0x00000263aab20000)
 Next Bits: [0x00000263aab20000, 0x00000263adaa0000)

Polling page: 0x000002638dd40000

Metaspace:

Usage:
  Non-class:     12.70 MB used.
      Class:      1.75 MB used.
       Both:     14.45 MB used.

Virtual space:
  Non-class space:       64.00 MB reserved,      12.81 MB ( 20%) committed,  1 nodes.
      Class space:        1.00 GB reserved,       1.81 MB ( <1%) committed,  1 nodes.
             Both:        1.06 GB reserved,      14.62 MB (  1%) committed. 

Chunk freelists:
   Non-Class:  2.34 MB
       Class:  14.00 MB
        Both:  16.34 MB

MaxMetaspaceSize: unlimited
CompressedClassSpaceSize: 1.00 GB
Initial GC threshold: 21.00 MB
Current GC threshold: 21.00 MB
CDS: on
MetaspaceReclaimPolicy: balanced
 - commit_granule_bytes: 65536.
 - commit_granule_words: 8192.
 - virtual_space_node_default_size: 8388608.
 - enlarge_chunks_in_place: 1.
 - new_chunks_are_fully_committed: 0.
 - uncommit_free_chunks: 1.
 - use_allocation_guard: 0.
 - handle_deallocations: 1.


Internal statistics:

num_allocs_failed_limit: 0.
num_arena_births: 86.
num_arena_deaths: 0.
num_vsnodes_births: 2.
num_vsnodes_deaths: 0.
num_space_committed: 234.
num_space_uncommitted: 0.
num_chunks_returned_to_freelist: 0.
num_chunks_taken_from_freelist: 598.
num_chunk_merges: 0.
num_chunk_splits: 413.
num_chunks_enlarged: 335.
num_inconsistent_stats: 0.

CodeHeap 'non-profiled nmethods': size=120000Kb used=1292Kb max_used=1292Kb free=118707Kb
 bounds [0x000002639f170000, 0x000002639f3e0000, 0x00000263a66a0000]
CodeHeap 'profiled nmethods': size=120000Kb used=6054Kb max_used=6054Kb free=113945Kb
 bounds [0x00000263976a0000, 0x0000026397c90000, 0x000002639ebd0000]
CodeHeap 'non-nmethods': size=5760Kb used=1176Kb max_used=1227Kb free=4583Kb
 bounds [0x000002639ebd0000, 0x000002639ee40000, 0x000002639f170000]
 total_blobs=3527 nmethods=3060 adapters=379
 compilation: enabled
              stopped_count=0, restarted_count=0
 full_count=0

Compilation events (20 events):
Event: 3.858 Thread 0x00000263b0504d00 3050       3       java.lang.ThreadLocal$ThreadLocalMap::nextIndex (15 bytes)
Event: 3.858 Thread 0x00000263b0504d00 nmethod 3050 0x0000026397c85890 code [0x0000026397c85a20, 0x0000026397c85b58]
Event: 3.861 Thread 0x00000263b0504d00 3051       3       java.util.regex.Pattern$Curly::match (91 bytes)
Event: 3.861 Thread 0x00000263b0504d00 nmethod 3051 0x0000026397c85c10 code [0x0000026397c85e00, 0x0000026397c862b8]
Event: 3.862 Thread 0x00000263b0504340 nmethod 3044 0x000002639f2b2390 code [0x000002639f2b2520, 0x000002639f2b2838]
Event: 3.863 Thread 0x00000263b0504d00 3052       3       java.util.regex.Matcher::matches (10 bytes)
Event: 3.863 Thread 0x00000263b0504d00 nmethod 3052 0x0000026397c86410 code [0x0000026397c865a0, 0x0000026397c866e8]
Event: 3.864 Thread 0x00000263b0504d00 3053       3       org.eclipse.aether.repository.RepositoryPolicy::hashCode (49 bytes)
Event: 3.864 Thread 0x00000263b0504d00 nmethod 3053 0x0000026397c86790 code [0x0000026397c86940, 0x0000026397c86b58]
Event: 3.864 Thread 0x00000263b0504d00 3055       3       java.util.regex.Pattern$Node::match (27 bytes)
Event: 3.865 Thread 0x00000263b0504d00 nmethod 3055 0x0000026397c86c90 code [0x0000026397c86e20, 0x0000026397c86f98]
Event: 3.865 Thread 0x00000263b0504d00 3054       1       java.util.Collections$EmptyList::hashCode (2 bytes)
Event: 3.865 Thread 0x00000263b0504d00 nmethod 3054 0x000002639f2b2a90 code [0x000002639f2b2c20, 0x000002639f2b2cf8]
Event: 3.865 Thread 0x00000263b0504d00 3056       1       org.eclipse.aether.resolution.VersionRequest::getArtifact (5 bytes)
Event: 3.865 Thread 0x00000263b0504d00 nmethod 3056 0x000002639f2b2d90 code [0x000002639f2b2f20, 0x000002639f2b2ff8]
Event: 3.865 Thread 0x00000263b0504d00 3057       1       org.eclipse.aether.resolution.VersionRequest::getRepositories (5 bytes)
Event: 3.865 Thread 0x00000263b0504d00 nmethod 3057 0x000002639f2b3090 code [0x000002639f2b3220, 0x000002639f2b32f8]
Event: 3.866 Thread 0x00000263b0504d00 3058       3       java.util.Hashtable::<init> (10 bytes)
Event: 3.866 Thread 0x00000263b0504d00 nmethod 3058 0x0000026397c87090 code [0x0000026397c87240, 0x0000026397c87418]
Event: 3.866 Thread 0x00000263b0504d00 3059       3       org.apache.maven.artifact.ArtifactUtils::notBlank (56 bytes)

GC Heap History (4 events):
Event: 1.129 GC heap before
{Heap before GC invocations=0 (full 0):
 garbage-first heap   total 194560K, used 22528K [0x0000000742000000, 0x0000000800000000)
  region size 2048K, 11 young (22528K), 0 survivors (0K)
 Metaspace       used 5097K, committed 5184K, reserved 1114112K
  class space    used 609K, committed 640K, reserved 1048576K
}
Event: 1.136 GC heap after
{Heap after GC invocations=1 (full 0):
 garbage-first heap   total 194560K, used 3718K [0x0000000742000000, 0x0000000800000000)
  region size 2048K, 2 young (4096K), 2 survivors (4096K)
 Metaspace       used 5097K, committed 5184K, reserved 1114112K
  class space    used 609K, committed 640K, reserved 1048576K
}
Event: 2.179 GC heap before
{Heap before GC invocations=1 (full 0):
 garbage-first heap   total 194560K, used 34438K [0x0000000742000000, 0x0000000800000000)
  region size 2048K, 17 young (34816K), 2 survivors (4096K)
 Metaspace       used 9506K, committed 9728K, reserved 1114112K
  class space    used 1166K, committed 1280K, reserved 1048576K
}
Event: 2.193 GC heap after
{Heap after GC invocations=2 (full 0):
 garbage-first heap   total 194560K, used 5508K [0x0000000742000000, 0x0000000800000000)
  region size 2048K, 1 young (2048K), 1 survivors (2048K)
 Metaspace       used 9506K, committed 9728K, reserved 1114112K
  class space    used 1166K, committed 1280K, reserved 1048576K
}

Deoptimization events (20 events):
Event: 3.811 Thread 0x000002638fe04850 Uncommon trap: trap_request=0xffffff66 fr.pc=0x000002639f26818c relative=0x000000000000024c
Event: 3.811 Thread 0x000002638fe04850 Uncommon trap: reason=speculate_class_check action=maybe_recompile pc=0x000002639f26818c method=java.util.regex.Pattern$BmpCharPredicate.lambda$union$2(Ljava/util/regex/Pattern$CharPredicate;I)Z @ 2 c2
Event: 3.811 Thread 0x000002638fe04850 DEOPT PACKING pc=0x000002639f26818c sp=0x000000e8693fc270
Event: 3.811 Thread 0x000002638fe04850 DEOPT UNPACKING pc=0x000002639ec223a3 sp=0x000000e8693fc0c8 mode 2
Event: 3.811 Thread 0x000002638fe04850 Uncommon trap: trap_request=0xffffff66 fr.pc=0x000002639f26818c relative=0x000000000000024c
Event: 3.811 Thread 0x000002638fe04850 Uncommon trap: reason=speculate_class_check action=maybe_recompile pc=0x000002639f26818c method=java.util.regex.Pattern$BmpCharPredicate.lambda$union$2(Ljava/util/regex/Pattern$CharPredicate;I)Z @ 2 c2
Event: 3.811 Thread 0x000002638fe04850 DEOPT PACKING pc=0x000002639f26818c sp=0x000000e8693fc270
Event: 3.811 Thread 0x000002638fe04850 DEOPT UNPACKING pc=0x000002639ec223a3 sp=0x000000e8693fc0c8 mode 2
Event: 3.811 Thread 0x000002638fe04850 Uncommon trap: trap_request=0xffffff66 fr.pc=0x000002639f1de62c relative=0x000000000000018c
Event: 3.811 Thread 0x000002638fe04850 Uncommon trap: reason=speculate_class_check action=maybe_recompile pc=0x000002639f1de62c method=java.util.regex.Pattern$BmpCharPredicate.lambda$union$2(Ljava/util/regex/Pattern$CharPredicate;I)Z @ 2 c2
Event: 3.811 Thread 0x000002638fe04850 DEOPT PACKING pc=0x000002639f1de62c sp=0x000000e8693fc1d0
Event: 3.811 Thread 0x000002638fe04850 DEOPT UNPACKING pc=0x000002639ec223a3 sp=0x000000e8693fc0e8 mode 2
Event: 3.811 Thread 0x000002638fe04850 Uncommon trap: trap_request=0xffffff66 fr.pc=0x000002639f1de62c relative=0x000000000000018c
Event: 3.811 Thread 0x000002638fe04850 Uncommon trap: reason=speculate_class_check action=maybe_recompile pc=0x000002639f1de62c method=java.util.regex.Pattern$BmpCharPredicate.lambda$union$2(Ljava/util/regex/Pattern$CharPredicate;I)Z @ 2 c2
Event: 3.811 Thread 0x000002638fe04850 DEOPT PACKING pc=0x000002639f1de62c sp=0x000000e8693fc1d0
Event: 3.811 Thread 0x000002638fe04850 DEOPT UNPACKING pc=0x000002639ec223a3 sp=0x000000e8693fc0e8 mode 2
Event: 3.815 Thread 0x000002638fe04850 Uncommon trap: trap_request=0xffffff76 fr.pc=0x000002639f1d9b84 relative=0x0000000000000344
Event: 3.815 Thread 0x000002638fe04850 Uncommon trap: reason=predicate action=maybe_recompile pc=0x000002639f1d9b84 method=java.nio.charset.CharsetDecoder.decode(Ljava/nio/ByteBuffer;Ljava/nio/CharBuffer;Z)Ljava/nio/charset/CoderResult; @ 54 c2
Event: 3.815 Thread 0x000002638fe04850 DEOPT PACKING pc=0x000002639f1d9b84 sp=0x000000e8693fbea0
Event: 3.815 Thread 0x000002638fe04850 DEOPT UNPACKING pc=0x000002639ec223a3 sp=0x000000e8693fbe40 mode 2

Classes unloaded (0 events):
No events

Classes redefined (0 events):
No events

Internal exceptions (20 events):
Event: 0.846 Thread 0x000002638fe04850 Exception <a 'java/lang/NoSuchMethodError'{0x000000074ce45d88}: 'int java.lang.invoke.DirectMethodHandle$Holder.invokeSpecialIFC(java.lang.Object, java.lang.Object, java.lang.Object, java.lang.Object, java.lang.Object)'> (0x000000074ce45d88) 
thrown [s\open\src\hotspot\share\interpreter\linkResolver.cpp, line 759]
Event: 0.949 Thread 0x000002638fe04850 Exception <a 'java/lang/NoSuchMethodError'{0x000000074cfdf680}: 'java.lang.Object java.lang.invoke.DirectMethodHandle$Holder.newInvokeSpecial(java.lang.Object, java.lang.Object, java.lang.Object, java.lang.Object, java.lang.Object)'> (0x000000074cfdf680) 
thrown [s\open\src\hotspot\share\interpreter\linkResolver.cpp, line 759]
Event: 0.995 Thread 0x000002638fe04850 Exception <a 'java/lang/NoSuchMethodError'{0x000000074cce1bb8}: 'int java.lang.invoke.DirectMethodHandle$Holder.invokeStaticInit(java.lang.Object, java.lang.Object)'> (0x000000074cce1bb8) 
thrown [s\open\src\hotspot\share\interpreter\linkResolver.cpp, line 759]
Event: 1.012 Thread 0x000002638fe04850 Exception <a 'java/lang/NoClassDefFoundError'{0x000000074cd1c118}: javax/enterprise/inject/Typed> (0x000000074cd1c118) 
thrown [s\open\src\hotspot\share\classfile\systemDictionary.cpp, line 245]
Event: 1.343 Thread 0x000002638fe04850 Exception <a 'java/lang/NoSuchMethodError'{0x000000074d6dc0f8}: 'java.lang.Object java.lang.invoke.DirectMethodHandle$Holder.invokeStaticInit(java.lang.Object)'> (0x000000074d6dc0f8) 
thrown [s\open\src\hotspot\share\interpreter\linkResolver.cpp, line 759]
Event: 2.262 Thread 0x000002638fe04850 Exception <a 'java/lang/NoSuchMethodError'{0x000000074da9b268}: 'void java.lang.invoke.DirectMethodHandle$Holder.invokeStatic(java.lang.Object, java.lang.Object, java.lang.Object)'> (0x000000074da9b268) 
thrown [s\open\src\hotspot\share\interpreter\linkResolver.cpp, line 759]
Event: 2.263 Thread 0x000002638fe04850 Exception <a 'java/lang/NoSuchMethodError'{0x000000074da9e978}: 'void java.lang.invoke.DirectMethodHandle$Holder.invokeStaticInit(java.lang.Object, java.lang.Object, java.lang.Object)'> (0x000000074da9e978) 
thrown [s\open\src\hotspot\share\interpreter\linkResolver.cpp, line 759]
Event: 2.269 Thread 0x000002638fe04850 Exception <a 'java/lang/ExceptionInInitializerError'{0x000000074dac9f50}> (0x000000074dac9f50) 
thrown [s\open\src\hotspot\share\oops\instanceKlass.cpp, line 1216]
Event: 2.322 Thread 0x000002638fe04850 Implicit null exception at 0x000002639f1e0daf to 0x000002639f1e0f14
Event: 2.325 Thread 0x000002638fe04850 Exception <a 'java/lang/NoSuchMethodError'{0x000000074dbd9e48}: 'java.lang.Object java.lang.invoke.Invokers$Holder.invokeExact_MT(java.lang.Object, int, java.lang.Object)'> (0x000000074dbd9e48) 
thrown [s\open\src\hotspot\share\interpreter\linkResolver.cpp, line 759]
Event: 2.347 Thread 0x000002638fe04850 Exception <a 'java/lang/NoSuchMethodError'{0x000000074d86eef0}: 'void java.lang.invoke.DirectMethodHandle$Holder.invokeStatic(java.lang.Object, java.lang.Object)'> (0x000000074d86eef0) 
thrown [s\open\src\hotspot\share\interpreter\linkResolver.cpp, line 759]
Event: 2.353 Thread 0x000002638fe04850 Exception <a 'java/lang/NoSuchMethodError'{0x000000074d87ea78}: 'int java.lang.invoke.DirectMethodHandle$Holder.invokeSpecial(java.lang.Object, java.lang.Object, java.lang.Object, java.lang.Object)'> (0x000000074d87ea78) 
thrown [s\open\src\hotspot\share\interpreter\linkResolver.cpp, line 759]
Event: 2.887 Thread 0x000002638fe04850 Exception <a 'java/lang/NoClassDefFoundError'{0x000000074d068ac0}: com/google/inject/servlet/ServletModuleTargetVisitor> (0x000000074d068ac0) 
thrown [s\open\src\hotspot\share\classfile\systemDictionary.cpp, line 245]
Event: 3.036 Thread 0x000002638fe04850 Exception <a 'java/lang/NoSuchMethodError'{0x000000074cee88a0}: 'void java.lang.invoke.DirectMethodHandle$Holder.invokeVirtual(java.lang.Object, java.lang.Object)'> (0x000000074cee88a0) 
thrown [s\open\src\hotspot\share\interpreter\linkResolver.cpp, line 759]
Event: 3.082 Thread 0x000002638fe04850 Exception <a 'java/lang/NoSuchMethodError'{0x000000074cf707e0}: 'java.lang.Object java.lang.invoke.DirectMethodHandle$Holder.invokeStaticInit(java.lang.Object, int, int, int, int)'> (0x000000074cf707e0) 
thrown [s\open\src\hotspot\share\interpreter\linkResolver.cpp, line 759]
Event: 3.664 Thread 0x000002638fe04850 Implicit null exception at 0x000002639f1fa9e0 to 0x000002639f1faa7a
Event: 3.664 Thread 0x000002638fe04850 Implicit null exception at 0x000002639f2239ef to 0x000002639f223be8
Event: 3.664 Thread 0x000002638fe04850 Implicit null exception at 0x000002639f1f300f to 0x000002639f1f3089
Event: 3.694 Thread 0x000002638fe04850 Exception <a 'java/lang/NoSuchMethodError'{0x000000074c18f808}: 'java.lang.Object java.lang.invoke.DirectMethodHandle$Holder.newInvokeSpecial(java.lang.Object, java.lang.Object, java.lang.Object, java.lang.Object, java.lang.Object, java.lang.Object, java.lang.Object)'> (0x000000074c18f808) 
thrown [s\open\src\hotspot\share\interpreter\linkResolver.cpp, line 759]
Event: 3.695 Thread 0x000002638fe04850 Exception <a 'java/lang/NoSuchMethodError'{0x000000074c194470}: 'java.lang.Object java.lang.invoke.Invokers$Holder.linkToTargetMethod(java.lang.Object, java.lang.Object, java.lang.Object, java.lang.Object, java.lang.Object, java.lang.Object, java.lang.Object)'> (0x000000074c194470) 
thrown [s\open\src\hotspot\share\interpreter\linkResolver.cpp, line 759]

VM Operations (20 events):
Event: 2.518 Executing VM operation: HandshakeAllThreads
Event: 2.518 Executing VM operation: HandshakeAllThreads done
Event: 2.835 Executing VM operation: HandshakeAllThreads
Event: 2.835 Executing VM operation: HandshakeAllThreads done
Event: 2.897 Executing VM operation: ICBufferFull
Event: 2.897 Executing VM operation: ICBufferFull done
Event: 3.055 Executing VM operation: HandshakeAllThreads
Event: 3.055 Executing VM operation: HandshakeAllThreads done
Event: 3.105 Executing VM operation: HandshakeAllThreads
Event: 3.105 Executing VM operation: HandshakeAllThreads done
Event: 3.218 Executing VM operation: HandshakeAllThreads
Event: 3.218 Executing VM operation: HandshakeAllThreads done
Event: 3.219 Executing VM operation: HandshakeAllThreads
Event: 3.219 Executing VM operation: HandshakeAllThreads done
Event: 3.386 Executing VM operation: HandshakeAllThreads
Event: 3.386 Executing VM operation: HandshakeAllThreads done
Event: 3.386 Executing VM operation: HandshakeAllThreads
Event: 3.386 Executing VM operation: HandshakeAllThreads done
Event: 3.670 Executing VM operation: ICBufferFull
Event: 3.670 Executing VM operation: ICBufferFull done

Events (20 events):
Event: 3.402 loading class sun/nio/ch/Util
Event: 3.402 loading class sun/nio/ch/Util done
Event: 3.402 loading class sun/nio/ch/Util$1
Event: 3.402 loading class sun/nio/ch/Util$1 done
Event: 3.402 loading class sun/nio/ch/Util$BufferCache
Event: 3.402 loading class sun/nio/ch/Util$BufferCache done
Event: 3.402 loading class java/nio/DirectByteBuffer$Deallocator
Event: 3.402 loading class java/nio/DirectByteBuffer$Deallocator done
Event: 3.403 loading class sun/nio/ch/IOStatus
Event: 3.403 loading class sun/nio/ch/IOStatus done
Event: 3.403 loading class java/util/AbstractMap$2
Event: 3.403 loading class java/util/AbstractMap$2 done
Event: 3.403 loading class java/util/AbstractMap$2$1
Event: 3.403 loading class java/util/AbstractMap$2$1 done
Event: 3.423 loading class java/util/Formatter$FixedString
Event: 3.423 loading class java/util/Formatter$FixedString done
Event: 3.814 loading class sun/nio/cs/ISO_8859_1$Decoder
Event: 3.814 loading class sun/nio/cs/ISO_8859_1$Decoder done
Event: 3.867 loading class java/lang/invoke/MethodHandle$1
Event: 3.867 loading class java/lang/invoke/MethodHandle$1 done


Dynamic libraries:
0x00007ff7cd8f0000 - 0x00007ff7cd900000 	C:\Program Files\Java\jdk-17\bin\java.exe
0x00007ffa55fd0000 - 0x00007ffa561e7000 	C:\WINDOWS\SYSTEM32\ntdll.dll
0x00007ffa53da0000 - 0x00007ffa53e64000 	C:\WINDOWS\System32\KERNEL32.DLL
0x00007ffa533b0000 - 0x00007ffa53757000 	C:\WINDOWS\System32\KERNELBASE.dll
0x00007ffa53b70000 - 0x00007ffa53c81000 	C:\WINDOWS\System32\ucrtbase.dll
0x00007ffa3bec0000 - 0x00007ffa3bed9000 	C:\Program Files\Java\jdk-17\bin\jli.dll
0x00007ffa557e0000 - 0x00007ffa55892000 	C:\WINDOWS\System32\ADVAPI32.dll
0x00007ffa54050000 - 0x00007ffa540f7000 	C:\WINDOWS\System32\msvcrt.dll
0x00007ffa3bf10000 - 0x00007ffa3bf2b000 	C:\Program Files\Java\jdk-17\bin\VCRUNTIME140.dll
0x00007ffa54a40000 - 0x00007ffa54ae8000 	C:\WINDOWS\System32\sechost.dll
0x00007ffa53760000 - 0x00007ffa53788000 	C:\WINDOWS\System32\bcrypt.dll
0x00007ffa553f0000 - 0x00007ffa55505000 	C:\WINDOWS\System32\RPCRT4.dll
0x00007ffa54170000 - 0x00007ffa5431e000 	C:\WINDOWS\System32\USER32.dll
0x00007ffa53810000 - 0x00007ffa53836000 	C:\WINDOWS\System32\win32u.dll
0x00007ffa53d10000 - 0x00007ffa53d39000 	C:\WINDOWS\System32\GDI32.dll
0x00007ffa538e0000 - 0x00007ffa539f9000 	C:\WINDOWS\System32\gdi32full.dll
0x00007ffa53840000 - 0x00007ffa538da000 	C:\WINDOWS\System32\msvcp_win.dll
0x00007ffa3c060000 - 0x00007ffa3c2f3000 	C:\WINDOWS\WinSxS\amd64_microsoft.windows.common-controls_6595b64144ccf1df_6.0.22621.3527_none_270e469b73872a76\COMCTL32.dll
0x00007ffa4aaf0000 - 0x00007ffa4aafa000 	C:\WINDOWS\SYSTEM32\VERSION.dll
0x00007ffa54a00000 - 0x00007ffa54a31000 	C:\WINDOWS\System32\IMM32.DLL
0x00007ffa4e430000 - 0x00007ffa4e43c000 	C:\Program Files\Java\jdk-17\bin\vcruntime140_1.dll
0x00007ffa33850000 - 0x00007ffa338de000 	C:\Program Files\Java\jdk-17\bin\msvcp140.dll
0x00007ff9f79f0000 - 0x00007ff9f85d1000 	C:\Program Files\Java\jdk-17\bin\server\jvm.dll
0x00007ffa55510000 - 0x00007ffa55518000 	C:\WINDOWS\System32\PSAPI.DLL
0x00007ffa3cff0000 - 0x00007ffa3cff9000 	C:\WINDOWS\SYSTEM32\WSOCK32.dll
0x00007ffa53fd0000 - 0x00007ffa54041000 	C:\WINDOWS\System32\WS2_32.dll
0x00007ffa4c540000 - 0x00007ffa4c574000 	C:\WINDOWS\SYSTEM32\WINMM.dll
0x00007ffa52310000 - 0x00007ffa52328000 	C:\WINDOWS\SYSTEM32\kernel.appcore.dll
0x00007ffa4da20000 - 0x00007ffa4da2a000 	C:\Program Files\Java\jdk-17\bin\jimage.dll
0x00007ffa50b60000 - 0x00007ffa50d92000 	C:\WINDOWS\SYSTEM32\DBGHELP.DLL
0x00007ffa544b0000 - 0x00007ffa54838000 	C:\WINDOWS\System32\combase.dll
0x00007ffa543d0000 - 0x00007ffa544a7000 	C:\WINDOWS\System32\OLEAUT32.dll
0x00007ffa34720000 - 0x00007ffa34752000 	C:\WINDOWS\SYSTEM32\dbgcore.DLL
0x00007ffa53790000 - 0x00007ffa53809000 	C:\WINDOWS\System32\bcryptPrimitives.dll
0x00007ffa3bdf0000 - 0x00007ffa3be15000 	C:\Program Files\Java\jdk-17\bin\java.dll
0x00007ffa350e0000 - 0x00007ffa351b7000 	C:\Program Files\Java\jdk-17\bin\jsvml.dll
0x00007ffa54b80000 - 0x00007ffa553dc000 	C:\WINDOWS\System32\SHELL32.dll
0x00007ffa51230000 - 0x00007ffa51b26000 	C:\WINDOWS\SYSTEM32\windows.storage.dll
0x00007ffa510f0000 - 0x00007ffa5122e000 	C:\WINDOWS\SYSTEM32\wintypes.dll
0x00007ffa54840000 - 0x00007ffa54935000 	C:\WINDOWS\System32\SHCORE.dll
0x00007ffa53d40000 - 0x00007ffa53d9e000 	C:\WINDOWS\System32\shlwapi.dll
0x00007ffa53220000 - 0x00007ffa53241000 	C:\WINDOWS\SYSTEM32\profapi.dll
0x00007ffa3bd90000 - 0x00007ffa3bda9000 	C:\Program Files\Java\jdk-17\bin\net.dll
0x00007ffa4c7b0000 - 0x00007ffa4c8e6000 	C:\WINDOWS\SYSTEM32\WINHTTP.dll
0x00007ffa52780000 - 0x00007ffa527e9000 	C:\WINDOWS\system32\mswsock.dll
0x00007ffa3b670000 - 0x00007ffa3b686000 	C:\Program Files\Java\jdk-17\bin\nio.dll
0x00007ffa3adf0000 - 0x00007ffa3ae08000 	C:\Program Files\Java\jdk-17\bin\zip.dll
0x0000000069ac0000 - 0x0000000069ae4000 	C:\Program Files\NetBeans-18\netbeans\java\maven\lib\jansi-native\Windows\x86_64\jansi.dll
0x00007ffa4d9c0000 - 0x00007ffa4d9d0000 	C:\Program Files\Java\jdk-17\bin\verify.dll

dbghelp: loaded successfully - version: 4.0.5 - missing functions: none
symbol engine: initialized successfully - sym options: 0x614 - pdb path: .;C:\Program Files\Java\jdk-17\bin;C:\WINDOWS\SYSTEM32;C:\WINDOWS\WinSxS\amd64_microsoft.windows.common-controls_6595b64144ccf1df_6.0.22621.3527_none_270e469b73872a76;C:\Program Files\Java\jdk-17\bin\server;C:\Program Files\NetBeans-18\netbeans\java\maven\lib\jansi-native\Windows\x86_64

VM Arguments:
jvm_args: -Dclassworlds.conf=C:\Program Files\NetBeans-18\netbeans\java\maven\bin\m2.conf -Dmaven.home=C:\Program Files\NetBeans-18\netbeans\java\maven -Dlibrary.jansi.path=C:\Program Files\NetBeans-18\netbeans\java\maven\lib\jansi-native -Dmaven.multiModuleProjectDirectory=D:\DuAnMau_PY00008\EduSys 
java_command: org.codehaus.plexus.classworlds.launcher.Launcher -Dexec.vmArgs= -Dexec.args=${exec.vmArgs} -classpath %classpath ${exec.mainClass} ${exec.appArgs} -Dexec.executable=C:\Program Files\Java\jdk-17\bin\java.exe -Dexec.mainClass=com.edusys.ui.ChuyenDeJDialog -Dexec.classpathScope=runtime -Dexec.appArgs= -Dmaven.ext.class.path=C:\Program Files\NetBeans-18\netbeans\java\maven-nblib\netbeans-eventspy.jar -Dfile.encoding=UTF-8 --no-transfer-progress process-classes org.codehaus.mojo:exec-maven-plugin:3.1.0:exec
java_class_path (initial): C:\Program Files\NetBeans-18\netbeans\java\maven\boot\plexus-classworlds-2.6.0.jar
Launcher Type: SUN_STANDARD

[Global flags]
     intx CICompilerCount                          = 4                                         {product} {ergonomic}
     uint ConcGCThreads                            = 2                                         {product} {ergonomic}
     uint G1ConcRefinementThreads                  = 8                                         {product} {ergonomic}
   size_t G1HeapRegionSize                         = 2097152                                   {product} {ergonomic}
    uintx GCDrainStackTargetSize                   = 64                                        {product} {ergonomic}
   size_t InitialHeapSize                          = 199229440                                 {product} {ergonomic}
   size_t MarkStackSize                            = 4194304                                   {product} {ergonomic}
   size_t MaxHeapSize                              = 3187671040                                {product} {ergonomic}
   size_t MaxNewSize                               = 1912602624                                {product} {ergonomic}
   size_t MinHeapDeltaBytes                        = 2097152                                   {product} {ergonomic}
   size_t MinHeapSize                              = 8388608                                   {product} {ergonomic}
    uintx NonNMethodCodeHeapSize                   = 5839372                                {pd product} {ergonomic}
    uintx NonProfiledCodeHeapSize                  = 122909434                              {pd product} {ergonomic}
    uintx ProfiledCodeHeapSize                     = 122909434                              {pd product} {ergonomic}
    uintx ReservedCodeCacheSize                    = 251658240                              {pd product} {ergonomic}
     bool SegmentedCodeCache                       = true                                      {product} {ergonomic}
   size_t SoftMaxHeapSize                          = 3187671040                             {manageable} {ergonomic}
     bool UseCompressedClassPointers               = true                           {product lp64_product} {ergonomic}
     bool UseCompressedOops                        = true                           {product lp64_product} {ergonomic}
     bool UseG1GC                                  = true                                      {product} {ergonomic}
     bool UseLargePagesIndividualAllocation        = false                                  {pd product} {ergonomic}

Logging:
Log output configuration:
 #0: stdout all=warning uptime,level,tags
 #1: stderr all=off uptime,level,tags

Environment Variables:
JAVA_HOME=C:\Program Files\Java\jdk-17
PATH=C:\Program Files\Common Files\Oracle\Java\javapath;C:\Program Files (x86)\Common Files\Oracle\Java\javapath;C:\WINDOWS\system32;C:\WINDOWS;C:\WINDOWS\System32\Wbem;C:\WINDOWS\System32\WindowsPowerShell\v1.0\;C:\WINDOWS\System32\OpenSSH\;C:\Program Files (x86)\Intel\Intel(R) Management Engine Components\DAL;C:\Program Files\Intel\Intel(R) Management Engine Components\DAL;C:\Program Files (x86)\Microsoft SQL Server\160\Tools\Binn\;C:\Program Files\Microsoft SQL Server\160\Tools\Binn\;C:\Program Files\Microsoft SQL Server\Client SDK\ODBC\170\Tools\Binn\;C:\Program Files\Microsoft SQL Server\160\DTS\Binn\;C:\Program Files (x86)\Microsoft SQL Server\160\DTS\Binn\;C:\Program Files\Azure Data Studio\bin;C:\Users\HP\AppData\Local\Microsoft\WindowsApps;;C:\Program Files\Azure Data Studio\bin;D:\Microsoft VS Code\bin
USERNAME=HP
OS=Windows_NT
PROCESSOR_IDENTIFIER=Intel64 Family 6 Model 142 Stepping 12, GenuineIntel



---------------  S Y S T E M  ---------------

OS:
 Windows 11 , 64 bit Build 22621 (10.0.22621.3527)
OS uptime: 4 days 14:21 hours

CPU: total 8 (initial active 8) (4 cores per cpu, 2 threads per core) family 6 model 142 stepping 12 microcode 0xec, cx8, cmov, fxsr, ht, mmx, 3dnowpref, sse, sse2, sse3, ssse3, sse4.1, sse4.2, popcnt, lzcnt, tsc, tscinvbit, avx, avx2, aes, erms, clmul, bmi1, bmi2, adx, fma, vzeroupper, clflush, clflushopt

Memory: 4k page, system-wide physical 12158M (2888M free)
TotalPageFile size 18149M (AvailPageFile size 9M)
current process WorkingSet (physical memory assigned to process): 121M, peak: 121M
current process commit charge ("private bytes"): 315M, peak: 319M

vm_info: Java HotSpot(TM) 64-Bit Server VM (17.0.9+11-LTS-201) for windows-amd64 JRE (17.0.9+11-LTS-201), built on Oct 10 2023 23:16:06 by "mach5one" with MS VC++ 17.1 (VS2022)

END.
