#
# There is insufficient memory for the Java Runtime Environment to continue.
# Native memory allocation (mmap) failed to map 199229440 bytes for G1 virtual space
# Possible reasons:
#   The system is out of physical RAM or swap space
#   The process is running with CompressedOops enabled, and the Java Heap may be blocking the growth of the native heap
# Possible solutions:
#   Reduce memory load on the system
#   Increase physical memory or swap space
#   Check if swap backing store is full
#   Decrease Java heap size (-Xmx/-Xms)
#   Decrease number of Java threads
#   Decrease Java thread stack sizes (-Xss)
#   Set larger code cache with -XX:ReservedCodeCacheSize=
#   JVM is running with Zero Based Compressed Oops mode in which the Java heap is
#     placed in the first 32GB address space. The Java Heap base address is the
#     maximum limit for the native heap growth. Please use -XX:HeapBaseMinAddress
#     to set the Java Heap base and to place the Java Heap above 32GB virtual address.
# This output file may be truncated or incomplete.
#
#  Out of Memory Error (os_windows.cpp:3552), pid=292, tid=6388
#
# JRE version:  (17.0.9+11) (build )
# Java VM: Java HotSpot(TM) 64-Bit Server VM (17.0.9+11-LTS-201, mixed mode, sharing, tiered, compressed oops, compressed class ptrs, g1 gc, windows-amd64)
# No core dump will be written. Minidumps are not enabled by default on client versions of Windows
#

---------------  S U M M A R Y ------------

Command Line: com.edusys.ui.ChaoJDialog

Host: Intel(R) Core(TM) i5-8265U CPU @ 1.60GHz, 8 cores, 11G,  Windows 11 , 64 bit Build 22621 (10.0.22621.3527)
Time: Sat Jun  8 23:23:25 2024 SE Asia Standard Time elapsed time: 0.022330 seconds (0d 0h 0m 0s)

---------------  T H R E A D  ---------------

Current thread (0x000001c26f222b20):  JavaThread "Unknown thread" [_thread_in_vm, id=6388, stack(0x0000005e2c300000,0x0000005e2c400000)]

Stack: [0x0000005e2c300000,0x0000005e2c400000]
Native frames: (J=compiled Java code, j=interpreted, Vv=VM code, C=native code)
V  [jvm.dll+0x678a4a]
V  [jvm.dll+0x7d9cfd]
V  [jvm.dll+0x7db60e]
V  [jvm.dll+0x7dbc73]
V  [jvm.dll+0x245e1f]
V  [jvm.dll+0x6758f9]
V  [jvm.dll+0x66a2a2]
V  [jvm.dll+0x303686]
V  [jvm.dll+0x30ac06]
V  [jvm.dll+0x35a48e]
V  [jvm.dll+0x35a6bf]
V  [jvm.dll+0x2da678]
V  [jvm.dll+0x2db5e4]
V  [jvm.dll+0x7ab6b1]
V  [jvm.dll+0x368041]
V  [jvm.dll+0x78a749]
V  [jvm.dll+0x3ebd4f]
V  [jvm.dll+0x3ed7d1]
C  [jli.dll+0x5297]
C  [ucrtbase.dll+0x29333]
C  [KERNEL32.DLL+0x1257d]
C  [ntdll.dll+0x5aa48]


---------------  P R O C E S S  ---------------

Threads class SMR info:
_java_thread_list=0x00007ff9f84a89d8, length=0, elements={
}

Java Threads: ( => current thread )

Other Threads:
  0x000001c26f27c7a0 GCTaskThread "GC Thread#0" [stack: 0x0000005e2c400000,0x0000005e2c500000] [id=2248]
  0x000001c26f28a410 ConcurrentGCThread "G1 Main Marker" [stack: 0x0000005e2c500000,0x0000005e2c600000] [id=7824]
  0x000001c26f28b4d0 ConcurrentGCThread "G1 Conc#0" [stack: 0x0000005e2c600000,0x0000005e2c700000] [id=7808]

[error occurred during error reporting (printing all threads), id 0xc0000005, EXCEPTION_ACCESS_VIOLATION (0xc0000005) at pc=0x00007ff9f7cdb2d7]

VM state: not at safepoint (not fully initialized)

VM Mutex/Monitor currently owned by a thread:  ([mutex/lock_event])
[0x000001c26f21f840] Heap_lock - owner thread: 0x000001c26f222b20

Heap address: 0x0000000742000000, size: 3040 MB, Compressed Oops mode: Zero based, Oop shift amount: 3

CDS archive(s) mapped at: [0x0000000000000000-0x0000000000000000-0x0000000000000000), size 0, SharedBaseAddress: 0x0000000800000000, ArchiveRelocationMode: 1.
Narrow klass base: 0x0000000000000000, Narrow klass shift: 0, Narrow klass range: 0x0

GC Precious Log:
<Empty>

Heap:
 garbage-first heap   total 0K, used 0K [0x0000000742000000, 0x0000000800000000)
  region size 2048K, 0 young (0K), 0 survivors (0K)

[error occurred during error reporting (printing heap information), id 0xc0000005, EXCEPTION_ACCESS_VIOLATION (0xc0000005) at pc=0x00007ff9f80c2229]

GC Heap History (0 events):
No events

Deoptimization events (0 events):
No events

Classes unloaded (0 events):
No events

Classes redefined (0 events):
No events

Internal exceptions (0 events):
No events

VM Operations (0 events):
No events

Events (1 events):
Event: 0.013 Loaded shared library C:\Program Files\Java\jdk-17\bin\java.dll


Dynamic libraries:
0x00007ff7cd8f0000 - 0x00007ff7cd900000 	C:\Program Files\Java\jdk-17\bin\java.exe
0x00007ffa55fd0000 - 0x00007ffa561e7000 	C:\WINDOWS\SYSTEM32\ntdll.dll
0x00007ffa53da0000 - 0x00007ffa53e64000 	C:\WINDOWS\System32\KERNEL32.DLL
0x00007ffa533b0000 - 0x00007ffa53757000 	C:\WINDOWS\System32\KERNELBASE.dll
0x00007ffa53b70000 - 0x00007ffa53c81000 	C:\WINDOWS\System32\ucrtbase.dll
0x00007ffa3bf10000 - 0x00007ffa3bf2b000 	C:\Program Files\Java\jdk-17\bin\VCRUNTIME140.dll
0x00007ffa3bec0000 - 0x00007ffa3bed9000 	C:\Program Files\Java\jdk-17\bin\jli.dll
0x00007ffa557e0000 - 0x00007ffa55892000 	C:\WINDOWS\System32\ADVAPI32.dll
0x00007ffa54050000 - 0x00007ffa540f7000 	C:\WINDOWS\System32\msvcrt.dll
0x00007ffa54a40000 - 0x00007ffa54ae8000 	C:\WINDOWS\System32\sechost.dll
0x00007ffa53760000 - 0x00007ffa53788000 	C:\WINDOWS\System32\bcrypt.dll
0x00007ffa553f0000 - 0x00007ffa55505000 	C:\WINDOWS\System32\RPCRT4.dll
0x00007ffa54170000 - 0x00007ffa5431e000 	C:\WINDOWS\System32\USER32.dll
0x00007ffa3c060000 - 0x00007ffa3c2f3000 	C:\WINDOWS\WinSxS\amd64_microsoft.windows.common-controls_6595b64144ccf1df_6.0.22621.3527_none_270e469b73872a76\COMCTL32.dll
0x00007ffa53810000 - 0x00007ffa53836000 	C:\WINDOWS\System32\win32u.dll
0x00007ffa53d10000 - 0x00007ffa53d39000 	C:\WINDOWS\System32\GDI32.dll
0x00007ffa538e0000 - 0x00007ffa539f9000 	C:\WINDOWS\System32\gdi32full.dll
0x00007ffa53840000 - 0x00007ffa538da000 	C:\WINDOWS\System32\msvcp_win.dll
0x00007ffa4aaf0000 - 0x00007ffa4aafa000 	C:\WINDOWS\SYSTEM32\VERSION.dll
0x00007ffa54a00000 - 0x00007ffa54a31000 	C:\WINDOWS\System32\IMM32.DLL
0x00007ffa4e430000 - 0x00007ffa4e43c000 	C:\Program Files\Java\jdk-17\bin\vcruntime140_1.dll
0x00007ffa33850000 - 0x00007ffa338de000 	C:\Program Files\Java\jdk-17\bin\msvcp140.dll
0x00007ff9f79f0000 - 0x00007ff9f85d1000 	C:\Program Files\Java\jdk-17\bin\server\jvm.dll
0x00007ffa55510000 - 0x00007ffa55518000 	C:\WINDOWS\System32\PSAPI.DLL
0x00007ffa3cff0000 - 0x00007ffa3cff9000 	C:\WINDOWS\SYSTEM32\WSOCK32.dll
0x00007ffa4c540000 - 0x00007ffa4c574000 	C:\WINDOWS\SYSTEM32\WINMM.dll
0x00007ffa53fd0000 - 0x00007ffa54041000 	C:\WINDOWS\System32\WS2_32.dll
0x00007ffa52310000 - 0x00007ffa52328000 	C:\WINDOWS\SYSTEM32\kernel.appcore.dll
0x00007ffa4da20000 - 0x00007ffa4da2a000 	C:\Program Files\Java\jdk-17\bin\jimage.dll
0x00007ffa50b60000 - 0x00007ffa50d92000 	C:\WINDOWS\SYSTEM32\DBGHELP.DLL
0x00007ffa544b0000 - 0x00007ffa54838000 	C:\WINDOWS\System32\combase.dll
0x00007ffa543d0000 - 0x00007ffa544a7000 	C:\WINDOWS\System32\OLEAUT32.dll
0x00007ffa34720000 - 0x00007ffa34752000 	C:\WINDOWS\SYSTEM32\dbgcore.DLL
0x00007ffa53790000 - 0x00007ffa53809000 	C:\WINDOWS\System32\bcryptPrimitives.dll
0x00007ffa3bdf0000 - 0x00007ffa3be15000 	C:\Program Files\Java\jdk-17\bin\java.dll

dbghelp: loaded successfully - version: 4.0.5 - missing functions: none
symbol engine: initialized successfully - sym options: 0x614 - pdb path: .;C:\Program Files\Java\jdk-17\bin;C:\WINDOWS\SYSTEM32;C:\WINDOWS\WinSxS\amd64_microsoft.windows.common-controls_6595b64144ccf1df_6.0.22621.3527_none_270e469b73872a76;C:\Program Files\Java\jdk-17\bin\server

VM Arguments:
java_command: com.edusys.ui.ChaoJDialog
java_class_path (initial): D:\DuAnMau_PY00008\EduSys\target\classes
Launcher Type: SUN_STANDARD

[Global flags]
     intx CICompilerCount                          = 4                                         {product} {ergonomic}
     uint ConcGCThreads                            = 2                                         {product} {ergonomic}
     uint G1ConcRefinementThreads                  = 8                                         {product} {ergonomic}
   size_t G1HeapRegionSize                         = 2097152                                   {product} {ergonomic}
    uintx GCDrainStackTargetSize                   = 64                                        {product} {ergonomic}
   size_t InitialHeapSize                          = 199229440                                 {product} {ergonomic}
   size_t MarkStackSize                            = 4194304                                   {product} {ergonomic}
   size_t MaxHeapSize                              = 3187671040                                {product} {ergonomic}
   size_t MinHeapDeltaBytes                        = 2097152                                   {product} {ergonomic}
   size_t MinHeapSize                              = 8388608                                   {product} {ergonomic}
    uintx NonNMethodCodeHeapSize                   = 5839372                                {pd product} {ergonomic}
    uintx NonProfiledCodeHeapSize                  = 122909434                              {pd product} {ergonomic}
    uintx ProfiledCodeHeapSize                     = 122909434                              {pd product} {ergonomic}
    uintx ReservedCodeCacheSize                    = 251658240                              {pd product} {ergonomic}
     bool SegmentedCodeCache                       = true                                      {product} {ergonomic}
   size_t SoftMaxHeapSize                          = 3187671040                             {manageable} {ergonomic}
     bool UseCompressedClassPointers               = true                           {product lp64_product} {ergonomic}
     bool UseCompressedOops                        = true                           {product lp64_product} {ergonomic}
     bool UseG1GC                                  = true                                      {product} {ergonomic}
     bool UseLargePagesIndividualAllocation        = false                                  {pd product} {ergonomic}

Logging:
Log output configuration:
 #0: stdout all=warning uptime,level,tags
 #1: stderr all=off uptime,level,tags

Environment Variables:
JAVA_HOME=C:\Program Files\Java\jdk-17
PATH=C:\Program Files\Common Files\Oracle\Java\javapath;C:\Program Files (x86)\Common Files\Oracle\Java\javapath;C:\WINDOWS\system32;C:\WINDOWS;C:\WINDOWS\System32\Wbem;C:\WINDOWS\System32\WindowsPowerShell\v1.0\;C:\WINDOWS\System32\OpenSSH\;C:\Program Files (x86)\Intel\Intel(R) Management Engine Components\DAL;C:\Program Files\Intel\Intel(R) Management Engine Components\DAL;C:\Program Files (x86)\Microsoft SQL Server\160\Tools\Binn\;C:\Program Files\Microsoft SQL Server\160\Tools\Binn\;C:\Program Files\Microsoft SQL Server\Client SDK\ODBC\170\Tools\Binn\;C:\Program Files\Microsoft SQL Server\160\DTS\Binn\;C:\Program Files (x86)\Microsoft SQL Server\160\DTS\Binn\;C:\Program Files\Azure Data Studio\bin;C:\Users\HP\AppData\Local\Microsoft\WindowsApps;;C:\Program Files\Azure Data Studio\bin;D:\Microsoft VS Code\bin
USERNAME=HP
OS=Windows_NT
PROCESSOR_IDENTIFIER=Intel64 Family 6 Model 142 Stepping 12, GenuineIntel



---------------  S Y S T E M  ---------------

OS:
 Windows 11 , 64 bit Build 22621 (10.0.22621.3527)
OS uptime: 4 days 15:04 hours

CPU: total 8 (initial active 8) (4 cores per cpu, 2 threads per core) family 6 model 142 stepping 12 microcode 0xec, cx8, cmov, fxsr, ht, mmx, 3dnowpref, sse, sse2, sse3, ssse3, sse4.1, sse4.2, popcnt, lzcnt, tsc, tscinvbit, avx, avx2, aes, erms, clmul, bmi1, bmi2, adx, fma, vzeroupper, clflush, clflushopt

Memory: 4k page, system-wide physical 12158M (3702M free)
TotalPageFile size 18166M (AvailPageFile size 61M)
current process WorkingSet (physical memory assigned to process): 11M, peak: 11M
current process commit charge ("private bytes"): 60M, peak: 250M

vm_info: Java HotSpot(TM) 64-Bit Server VM (17.0.9+11-LTS-201) for windows-amd64 JRE (17.0.9+11-LTS-201), built on Oct 10 2023 23:16:06 by "mach5one" with MS VC++ 17.1 (VS2022)

END.
