#
# There is insufficient memory for the Java Runtime Environment to continue.
# Native memory allocation (malloc) failed to allocate 193616 bytes for Chunk::new
# Possible reasons:
#   The system is out of physical RAM or swap space
#   The process is running with CompressedOops enabled, and the Java Heap may be blocking the growth of the native heap
# Possible solutions:
#   Reduce memory load on the system
#   Increase physical memory or swap space
#   Check if swap backing store is full
#   Decrease Java heap size (-Xmx/-Xms)
#   Decrease number of Java threads
#   Decrease Java thread stack sizes (-Xss)
#   Set larger code cache with -XX:ReservedCodeCacheSize=
#   JVM is running with Zero Based Compressed Oops mode in which the Java heap is
#     placed in the first 32GB address space. The Java Heap base address is the
#     maximum limit for the native heap growth. Please use -XX:HeapBaseMinAddress
#     to set the Java Heap base and to place the Java Heap above 32GB virtual address.
# This output file may be truncated or incomplete.
#
#  Out of Memory Error (arena.cpp:189), pid=16268, tid=7740
#
# JRE version: Java(TM) SE Runtime Environment (17.0.9+11) (build 17.0.9+11-LTS-201)
# Java VM: Java HotSpot(TM) 64-Bit Server VM (17.0.9+11-LTS-201, mixed mode, sharing, tiered, compressed oops, compressed class ptrs, g1 gc, windows-amd64)
# No core dump will be written. Minidumps are not enabled by default on client versions of Windows
#

---------------  S U M M A R Y ------------

Command Line: -Dclassworlds.conf=C:\Program Files\NetBeans-18\netbeans\java\maven\bin\m2.conf -Dmaven.home=C:\Program Files\NetBeans-18\netbeans\java\maven -Dlibrary.jansi.path=C:\Program Files\NetBeans-18\netbeans\java\maven\lib\jansi-native -Dmaven.multiModuleProjectDirectory=D:\DuAnMau_PY00008\EduSys org.codehaus.plexus.classworlds.launcher.Launcher -Dexec.vmArgs= -Dexec.args=${exec.vmArgs} -classpath %classpath ${exec.mainClass} ${exec.appArgs} -Dexec.executable=C:\Program Files\Java\jdk-17\bin\java.exe -Dexec.mainClass=com.edusys.ui.ChuyenDeJDialog -Dexec.classpathScope=runtime -Dexec.appArgs= -Dmaven.ext.class.path=C:\Program Files\NetBeans-18\netbeans\java\maven-nblib\netbeans-eventspy.jar -Dfile.encoding=UTF-8 --no-transfer-progress process-classes org.codehaus.mojo:exec-maven-plugin:3.1.0:exec

Host: Intel(R) Core(TM) i5-8265U CPU @ 1.60GHz, 8 cores, 11G,  Windows 11 , 64 bit Build 22621 (10.0.22621.3527)
Time: Sat Jun  8 22:39:07 2024 SE Asia Standard Time elapsed time: 1.544146 seconds (0d 0h 0m 1s)

---------------  T H R E A D  ---------------

Current thread (0x0000029d03468e10):  JavaThread "C2 CompilerThread0" daemon [_thread_in_native, id=7740, stack(0x000000fe38f00000,0x000000fe39000000)]


Current CompileTask:
C2:   1544 1366       4       jdk.internal.module.SystemModuleFinders$SystemModuleReader::find (59 bytes)

Stack: [0x000000fe38f00000,0x000000fe39000000]
Native frames: (J=compiled Java code, j=interpreted, Vv=VM code, C=native code)
V  [jvm.dll+0x678a4a]
V  [jvm.dll+0x7d9cfd]
V  [jvm.dll+0x7db60e]
V  [jvm.dll+0x7dbc73]
V  [jvm.dll+0x245e1f]
V  [jvm.dll+0xaaafb]
V  [jvm.dll+0xab09c]
V  [jvm.dll+0x2ab7ef]
V  [jvm.dll+0x5812e5]
V  [jvm.dll+0x220c52]
V  [jvm.dll+0x219b15]
V  [jvm.dll+0x217459]
V  [jvm.dll+0x1a3bc0]
V  [jvm.dll+0x2272de]
V  [jvm.dll+0x22548b]
V  [jvm.dll+0x78f58c]
V  [jvm.dll+0x78998a]
V  [jvm.dll+0x677875]
C  [ucrtbase.dll+0x29333]
C  [KERNEL32.DLL+0x1257d]
C  [ntdll.dll+0x5aa48]


---------------  P R O C E S S  ---------------

Threads class SMR info:
_java_thread_list=0x0000029d494eb560, length=14, elements={
0x0000029d60cf4ff0, 0x0000029d03447ed0, 0x0000029d0344a410, 0x0000029d0345e8a0,
0x0000029d0345f370, 0x0000029d03461d50, 0x0000029d03463dd0, 0x0000029d03468e10,
0x0000029d0346bed0, 0x0000029d03479610, 0x0000029d03479b20, 0x0000029d0347af60,
0x0000029d49632160, 0x0000029d49529dc0
}

Java Threads: ( => current thread )
  0x0000029d60cf4ff0 JavaThread "main" [_thread_in_Java, id=11340, stack(0x000000fe38200000,0x000000fe38300000)]
  0x0000029d03447ed0 JavaThread "Reference Handler" daemon [_thread_blocked, id=10956, stack(0x000000fe38900000,0x000000fe38a00000)]
  0x0000029d0344a410 JavaThread "Finalizer" daemon [_thread_blocked, id=4932, stack(0x000000fe38a00000,0x000000fe38b00000)]
  0x0000029d0345e8a0 JavaThread "Signal Dispatcher" daemon [_thread_blocked, id=4644, stack(0x000000fe38b00000,0x000000fe38c00000)]
  0x0000029d0345f370 JavaThread "Attach Listener" daemon [_thread_blocked, id=11692, stack(0x000000fe38c00000,0x000000fe38d00000)]
  0x0000029d03461d50 JavaThread "Service Thread" daemon [_thread_blocked, id=3192, stack(0x000000fe38d00000,0x000000fe38e00000)]
  0x0000029d03463dd0 JavaThread "Monitor Deflation Thread" daemon [_thread_blocked, id=3984, stack(0x000000fe38e00000,0x000000fe38f00000)]
=>0x0000029d03468e10 JavaThread "C2 CompilerThread0" daemon [_thread_in_native, id=7740, stack(0x000000fe38f00000,0x000000fe39000000)]
  0x0000029d0346bed0 JavaThread "C1 CompilerThread0" daemon [_thread_in_native, id=7616, stack(0x000000fe39000000,0x000000fe39100000)]
  0x0000029d03479610 JavaThread "Sweeper thread" daemon [_thread_blocked, id=1564, stack(0x000000fe39100000,0x000000fe39200000)]
  0x0000029d03479b20 JavaThread "Notification Thread" daemon [_thread_blocked, id=18196, stack(0x000000fe39200000,0x000000fe39300000)]
  0x0000029d0347af60 JavaThread "Common-Cleaner" daemon [_thread_blocked, id=16908, stack(0x000000fe39400000,0x000000fe39500000)]
  0x0000029d49632160 JavaThread "C2 CompilerThread1" daemon [_thread_in_native, id=4176, stack(0x000000fe39500000,0x000000fe39600000)]
  0x0000029d49529dc0 JavaThread "C2 CompilerThread2" daemon [_thread_in_native, id=5572, stack(0x000000fe39600000,0x000000fe39700000)]

Other Threads:
  0x0000029d03441d10 VMThread "VM Thread" [stack: 0x000000fe38800000,0x000000fe38900000] [id=17656]
  0x0000029d036e6950 WatcherThread [stack: 0x000000fe39300000,0x000000fe39400000] [id=5988]
  0x0000029d60d4d270 GCTaskThread "GC Thread#0" [stack: 0x000000fe38300000,0x000000fe38400000] [id=15396]
  0x0000029d03706500 GCTaskThread "GC Thread#1" [stack: 0x000000fe39700000,0x000000fe39800000] [id=2836]
  0x0000029d49785c80 GCTaskThread "GC Thread#2" [stack: 0x000000fe39800000,0x000000fe39900000] [id=14224]
  0x0000029d49a93240 GCTaskThread "GC Thread#3" [stack: 0x000000fe39900000,0x000000fe39a00000] [id=12608]
  0x0000029d49b11730 GCTaskThread "GC Thread#4" [stack: 0x000000fe39a00000,0x000000fe39b00000] [id=9376]
  0x0000029d49b11e00 GCTaskThread "GC Thread#5" [stack: 0x000000fe39b00000,0x000000fe39c00000] [id=3100]
  0x0000029d49571030 GCTaskThread "GC Thread#6" [stack: 0x000000fe39c00000,0x000000fe39d00000] [id=15424]
  0x0000029d60d5aee0 ConcurrentGCThread "G1 Main Marker" [stack: 0x000000fe38400000,0x000000fe38500000] [id=13292]
  0x0000029d60d5b800 ConcurrentGCThread "G1 Conc#0" [stack: 0x000000fe38500000,0x000000fe38600000] [id=18540]
  0x0000029d033120c0 ConcurrentGCThread "G1 Refine#0" [stack: 0x000000fe38600000,0x000000fe38700000] [id=9512]
  0x0000029d03312a00 ConcurrentGCThread "G1 Service" [stack: 0x000000fe38700000,0x000000fe38800000] [id=19620]

Threads with active compile tasks:
C2 CompilerThread0     1576 1366       4       jdk.internal.module.SystemModuleFinders$SystemModuleReader::find (59 bytes)
C1 CompilerThread0     1576 1416       3       java.nio.file.attribute.FileTime::from (18 bytes)
C2 CompilerThread1     1576 1348       4       jdk.internal.jimage.ImageLocation::verify (218 bytes)
C2 CompilerThread2     1576 1404       4       jdk.internal.module.SystemModuleFinders$SystemModuleReader::containsImageLocation (42 bytes)

VM state: not at safepoint (normal execution)

VM Mutex/Monitor currently owned by a thread: None

Heap address: 0x0000000742000000, size: 3040 MB, Compressed Oops mode: Zero based, Oop shift amount: 3

CDS archive(s) mapped at: [0x0000029d04000000-0x0000029d04bd0000-0x0000029d04bd0000), size 12386304, SharedBaseAddress: 0x0000029d04000000, ArchiveRelocationMode: 1.
Compressed class space mapped at: 0x0000029d05000000-0x0000029d45000000, reserved size: 1073741824
Narrow klass base: 0x0000029d04000000, Narrow klass shift: 0, Narrow klass range: 0x100000000

GC Precious Log:
 CPUs: 8 total, 8 available
 Memory: 12158M
 Large Page Support: Disabled
 NUMA Support: Disabled
 Compressed Oops: Enabled (Zero based)
 Heap Region Size: 2M
 Heap Min Capacity: 8M
 Heap Initial Capacity: 190M
 Heap Max Capacity: 3040M
 Pre-touch: Disabled
 Parallel Workers: 8
 Concurrent Workers: 2
 Concurrent Refinement Workers: 8
 Periodic GC: Disabled

Heap:
 garbage-first heap   total 194560K, used 18067K [0x0000000742000000, 0x0000000800000000)
  region size 2048K, 10 young (20480K), 2 survivors (4096K)
 Metaspace       used 6569K, committed 6720K, reserved 1114112K
  class space    used 783K, committed 832K, reserved 1048576K

Heap Regions: E=young(eden), S=young(survivor), O=old, HS=humongous(starts), HC=humongous(continues), CS=collection set, F=free, OA=open archive, CA=closed archive, TAMS=top-at-mark-start (previous, next)
|   0|0x0000000742000000, 0x0000000742000000, 0x0000000742200000|  0%| F|  |TAMS 0x0000000742000000, 0x0000000742000000| Untracked 
|   1|0x0000000742200000, 0x0000000742200000, 0x0000000742400000|  0%| F|  |TAMS 0x0000000742200000, 0x0000000742200000| Untracked 
|   2|0x0000000742400000, 0x0000000742400000, 0x0000000742600000|  0%| F|  |TAMS 0x0000000742400000, 0x0000000742400000| Untracked 
|   3|0x0000000742600000, 0x0000000742600000, 0x0000000742800000|  0%| F|  |TAMS 0x0000000742600000, 0x0000000742600000| Untracked 
|   4|0x0000000742800000, 0x0000000742800000, 0x0000000742a00000|  0%| F|  |TAMS 0x0000000742800000, 0x0000000742800000| Untracked 
|   5|0x0000000742a00000, 0x0000000742a00000, 0x0000000742c00000|  0%| F|  |TAMS 0x0000000742a00000, 0x0000000742a00000| Untracked 
|   6|0x0000000742c00000, 0x0000000742c00000, 0x0000000742e00000|  0%| F|  |TAMS 0x0000000742c00000, 0x0000000742c00000| Untracked 
|   7|0x0000000742e00000, 0x0000000742e00000, 0x0000000743000000|  0%| F|  |TAMS 0x0000000742e00000, 0x0000000742e00000| Untracked 
|   8|0x0000000743000000, 0x0000000743000000, 0x0000000743200000|  0%| F|  |TAMS 0x0000000743000000, 0x0000000743000000| Untracked 
|   9|0x0000000743200000, 0x0000000743200000, 0x0000000743400000|  0%| F|  |TAMS 0x0000000743200000, 0x0000000743200000| Untracked 
|  10|0x0000000743400000, 0x0000000743400000, 0x0000000743600000|  0%| F|  |TAMS 0x0000000743400000, 0x0000000743400000| Untracked 
|  11|0x0000000743600000, 0x0000000743600000, 0x0000000743800000|  0%| F|  |TAMS 0x0000000743600000, 0x0000000743600000| Untracked 
|  12|0x0000000743800000, 0x0000000743800000, 0x0000000743a00000|  0%| F|  |TAMS 0x0000000743800000, 0x0000000743800000| Untracked 
|  13|0x0000000743a00000, 0x0000000743a00000, 0x0000000743c00000|  0%| F|  |TAMS 0x0000000743a00000, 0x0000000743a00000| Untracked 
|  14|0x0000000743c00000, 0x0000000743c00000, 0x0000000743e00000|  0%| F|  |TAMS 0x0000000743c00000, 0x0000000743c00000| Untracked 
|  15|0x0000000743e00000, 0x0000000743e00000, 0x0000000744000000|  0%| F|  |TAMS 0x0000000743e00000, 0x0000000743e00000| Untracked 
|  16|0x0000000744000000, 0x0000000744000000, 0x0000000744200000|  0%| F|  |TAMS 0x0000000744000000, 0x0000000744000000| Untracked 
|  17|0x0000000744200000, 0x0000000744200000, 0x0000000744400000|  0%| F|  |TAMS 0x0000000744200000, 0x0000000744200000| Untracked 
|  18|0x0000000744400000, 0x0000000744400000, 0x0000000744600000|  0%| F|  |TAMS 0x0000000744400000, 0x0000000744400000| Untracked 
|  19|0x0000000744600000, 0x0000000744600000, 0x0000000744800000|  0%| F|  |TAMS 0x0000000744600000, 0x0000000744600000| Untracked 
|  20|0x0000000744800000, 0x0000000744800000, 0x0000000744a00000|  0%| F|  |TAMS 0x0000000744800000, 0x0000000744800000| Untracked 
|  21|0x0000000744a00000, 0x0000000744a00000, 0x0000000744c00000|  0%| F|  |TAMS 0x0000000744a00000, 0x0000000744a00000| Untracked 
|  22|0x0000000744c00000, 0x0000000744c00000, 0x0000000744e00000|  0%| F|  |TAMS 0x0000000744c00000, 0x0000000744c00000| Untracked 
|  23|0x0000000744e00000, 0x0000000744e00000, 0x0000000745000000|  0%| F|  |TAMS 0x0000000744e00000, 0x0000000744e00000| Untracked 
|  24|0x0000000745000000, 0x0000000745000000, 0x0000000745200000|  0%| F|  |TAMS 0x0000000745000000, 0x0000000745000000| Untracked 
|  25|0x0000000745200000, 0x0000000745200000, 0x0000000745400000|  0%| F|  |TAMS 0x0000000745200000, 0x0000000745200000| Untracked 
|  26|0x0000000745400000, 0x0000000745400000, 0x0000000745600000|  0%| F|  |TAMS 0x0000000745400000, 0x0000000745400000| Untracked 
|  27|0x0000000745600000, 0x0000000745600000, 0x0000000745800000|  0%| F|  |TAMS 0x0000000745600000, 0x0000000745600000| Untracked 
|  28|0x0000000745800000, 0x0000000745800000, 0x0000000745a00000|  0%| F|  |TAMS 0x0000000745800000, 0x0000000745800000| Untracked 
|  29|0x0000000745a00000, 0x0000000745a00000, 0x0000000745c00000|  0%| F|  |TAMS 0x0000000745a00000, 0x0000000745a00000| Untracked 
|  30|0x0000000745c00000, 0x0000000745c00000, 0x0000000745e00000|  0%| F|  |TAMS 0x0000000745c00000, 0x0000000745c00000| Untracked 
|  31|0x0000000745e00000, 0x0000000745e00000, 0x0000000746000000|  0%| F|  |TAMS 0x0000000745e00000, 0x0000000745e00000| Untracked 
|  32|0x0000000746000000, 0x0000000746000000, 0x0000000746200000|  0%| F|  |TAMS 0x0000000746000000, 0x0000000746000000| Untracked 
|  33|0x0000000746200000, 0x0000000746200000, 0x0000000746400000|  0%| F|  |TAMS 0x0000000746200000, 0x0000000746200000| Untracked 
|  34|0x0000000746400000, 0x0000000746400000, 0x0000000746600000|  0%| F|  |TAMS 0x0000000746400000, 0x0000000746400000| Untracked 
|  35|0x0000000746600000, 0x0000000746600000, 0x0000000746800000|  0%| F|  |TAMS 0x0000000746600000, 0x0000000746600000| Untracked 
|  36|0x0000000746800000, 0x0000000746800000, 0x0000000746a00000|  0%| F|  |TAMS 0x0000000746800000, 0x0000000746800000| Untracked 
|  37|0x0000000746a00000, 0x0000000746a00000, 0x0000000746c00000|  0%| F|  |TAMS 0x0000000746a00000, 0x0000000746a00000| Untracked 
|  38|0x0000000746c00000, 0x0000000746c00000, 0x0000000746e00000|  0%| F|  |TAMS 0x0000000746c00000, 0x0000000746c00000| Untracked 
|  39|0x0000000746e00000, 0x0000000746e00000, 0x0000000747000000|  0%| F|  |TAMS 0x0000000746e00000, 0x0000000746e00000| Untracked 
|  40|0x0000000747000000, 0x0000000747000000, 0x0000000747200000|  0%| F|  |TAMS 0x0000000747000000, 0x0000000747000000| Untracked 
|  41|0x0000000747200000, 0x0000000747200000, 0x0000000747400000|  0%| F|  |TAMS 0x0000000747200000, 0x0000000747200000| Untracked 
|  42|0x0000000747400000, 0x0000000747400000, 0x0000000747600000|  0%| F|  |TAMS 0x0000000747400000, 0x0000000747400000| Untracked 
|  43|0x0000000747600000, 0x0000000747600000, 0x0000000747800000|  0%| F|  |TAMS 0x0000000747600000, 0x0000000747600000| Untracked 
|  44|0x0000000747800000, 0x0000000747800000, 0x0000000747a00000|  0%| F|  |TAMS 0x0000000747800000, 0x0000000747800000| Untracked 
|  45|0x0000000747a00000, 0x0000000747a00000, 0x0000000747c00000|  0%| F|  |TAMS 0x0000000747a00000, 0x0000000747a00000| Untracked 
|  46|0x0000000747c00000, 0x0000000747c00000, 0x0000000747e00000|  0%| F|  |TAMS 0x0000000747c00000, 0x0000000747c00000| Untracked 
|  47|0x0000000747e00000, 0x0000000747e00000, 0x0000000748000000|  0%| F|  |TAMS 0x0000000747e00000, 0x0000000747e00000| Untracked 
|  48|0x0000000748000000, 0x0000000748000000, 0x0000000748200000|  0%| F|  |TAMS 0x0000000748000000, 0x0000000748000000| Untracked 
|  49|0x0000000748200000, 0x0000000748200000, 0x0000000748400000|  0%| F|  |TAMS 0x0000000748200000, 0x0000000748200000| Untracked 
|  50|0x0000000748400000, 0x0000000748400000, 0x0000000748600000|  0%| F|  |TAMS 0x0000000748400000, 0x0000000748400000| Untracked 
|  51|0x0000000748600000, 0x0000000748600000, 0x0000000748800000|  0%| F|  |TAMS 0x0000000748600000, 0x0000000748600000| Untracked 
|  52|0x0000000748800000, 0x0000000748800000, 0x0000000748a00000|  0%| F|  |TAMS 0x0000000748800000, 0x0000000748800000| Untracked 
|  53|0x0000000748a00000, 0x0000000748a00000, 0x0000000748c00000|  0%| F|  |TAMS 0x0000000748a00000, 0x0000000748a00000| Untracked 
|  54|0x0000000748c00000, 0x0000000748c00000, 0x0000000748e00000|  0%| F|  |TAMS 0x0000000748c00000, 0x0000000748c00000| Untracked 
|  55|0x0000000748e00000, 0x0000000748e00000, 0x0000000749000000|  0%| F|  |TAMS 0x0000000748e00000, 0x0000000748e00000| Untracked 
|  56|0x0000000749000000, 0x0000000749000000, 0x0000000749200000|  0%| F|  |TAMS 0x0000000749000000, 0x0000000749000000| Untracked 
|  57|0x0000000749200000, 0x0000000749200000, 0x0000000749400000|  0%| F|  |TAMS 0x0000000749200000, 0x0000000749200000| Untracked 
|  58|0x0000000749400000, 0x0000000749400000, 0x0000000749600000|  0%| F|  |TAMS 0x0000000749400000, 0x0000000749400000| Untracked 
|  59|0x0000000749600000, 0x0000000749600000, 0x0000000749800000|  0%| F|  |TAMS 0x0000000749600000, 0x0000000749600000| Untracked 
|  60|0x0000000749800000, 0x0000000749800000, 0x0000000749a00000|  0%| F|  |TAMS 0x0000000749800000, 0x0000000749800000| Untracked 
|  61|0x0000000749a00000, 0x0000000749a00000, 0x0000000749c00000|  0%| F|  |TAMS 0x0000000749a00000, 0x0000000749a00000| Untracked 
|  62|0x0000000749c00000, 0x0000000749c00000, 0x0000000749e00000|  0%| F|  |TAMS 0x0000000749c00000, 0x0000000749c00000| Untracked 
|  63|0x0000000749e00000, 0x0000000749e00000, 0x000000074a000000|  0%| F|  |TAMS 0x0000000749e00000, 0x0000000749e00000| Untracked 
|  64|0x000000074a000000, 0x000000074a000000, 0x000000074a200000|  0%| F|  |TAMS 0x000000074a000000, 0x000000074a000000| Untracked 
|  65|0x000000074a200000, 0x000000074a200000, 0x000000074a400000|  0%| F|  |TAMS 0x000000074a200000, 0x000000074a200000| Untracked 
|  66|0x000000074a400000, 0x000000074a400000, 0x000000074a600000|  0%| F|  |TAMS 0x000000074a400000, 0x000000074a400000| Untracked 
|  67|0x000000074a600000, 0x000000074a600000, 0x000000074a800000|  0%| F|  |TAMS 0x000000074a600000, 0x000000074a600000| Untracked 
|  68|0x000000074a800000, 0x000000074a800000, 0x000000074aa00000|  0%| F|  |TAMS 0x000000074a800000, 0x000000074a800000| Untracked 
|  69|0x000000074aa00000, 0x000000074aa00000, 0x000000074ac00000|  0%| F|  |TAMS 0x000000074aa00000, 0x000000074aa00000| Untracked 
|  70|0x000000074ac00000, 0x000000074ac00000, 0x000000074ae00000|  0%| F|  |TAMS 0x000000074ac00000, 0x000000074ac00000| Untracked 
|  71|0x000000074ae00000, 0x000000074ae00000, 0x000000074b000000|  0%| F|  |TAMS 0x000000074ae00000, 0x000000074ae00000| Untracked 
|  72|0x000000074b000000, 0x000000074b000000, 0x000000074b200000|  0%| F|  |TAMS 0x000000074b000000, 0x000000074b000000| Untracked 
|  73|0x000000074b200000, 0x000000074b200000, 0x000000074b400000|  0%| F|  |TAMS 0x000000074b200000, 0x000000074b200000| Untracked 
|  74|0x000000074b400000, 0x000000074b400000, 0x000000074b600000|  0%| F|  |TAMS 0x000000074b400000, 0x000000074b400000| Untracked 
|  75|0x000000074b600000, 0x000000074b600000, 0x000000074b800000|  0%| F|  |TAMS 0x000000074b600000, 0x000000074b600000| Untracked 
|  76|0x000000074b800000, 0x000000074b800000, 0x000000074ba00000|  0%| F|  |TAMS 0x000000074b800000, 0x000000074b800000| Untracked 
|  77|0x000000074ba00000, 0x000000074ba00000, 0x000000074bc00000|  0%| F|  |TAMS 0x000000074ba00000, 0x000000074ba00000| Untracked 
|  78|0x000000074bc00000, 0x000000074bc00000, 0x000000074be00000|  0%| F|  |TAMS 0x000000074bc00000, 0x000000074bc00000| Untracked 
|  79|0x000000074be00000, 0x000000074be00000, 0x000000074c000000|  0%| F|  |TAMS 0x000000074be00000, 0x000000074be00000| Untracked 
|  80|0x000000074c000000, 0x000000074c000000, 0x000000074c200000|  0%| F|  |TAMS 0x000000074c000000, 0x000000074c000000| Untracked 
|  81|0x000000074c200000, 0x000000074c200000, 0x000000074c400000|  0%| F|  |TAMS 0x000000074c200000, 0x000000074c200000| Untracked 
|  82|0x000000074c400000, 0x000000074c5a4de0, 0x000000074c600000| 82%| S|CS|TAMS 0x000000074c400000, 0x000000074c400000| Complete 
|  83|0x000000074c600000, 0x000000074c800000, 0x000000074c800000|100%| S|CS|TAMS 0x000000074c600000, 0x000000074c600000| Complete 
|  84|0x000000074c800000, 0x000000074c800000, 0x000000074ca00000|  0%| F|  |TAMS 0x000000074c800000, 0x000000074c800000| Untracked 
|  85|0x000000074ca00000, 0x000000074ca00000, 0x000000074cc00000|  0%| F|  |TAMS 0x000000074ca00000, 0x000000074ca00000| Untracked 
|  86|0x000000074cc00000, 0x000000074cc00000, 0x000000074ce00000|  0%| F|  |TAMS 0x000000074cc00000, 0x000000074cc00000| Untracked 
|  87|0x000000074ce00000, 0x000000074cf2f330, 0x000000074d000000| 59%| E|  |TAMS 0x000000074ce00000, 0x000000074ce00000| Complete 
|  88|0x000000074d000000, 0x000000074d200000, 0x000000074d200000|100%| E|CS|TAMS 0x000000074d000000, 0x000000074d000000| Complete 
|  89|0x000000074d200000, 0x000000074d400000, 0x000000074d400000|100%| E|CS|TAMS 0x000000074d200000, 0x000000074d200000| Complete 
|  90|0x000000074d400000, 0x000000074d600000, 0x000000074d600000|100%| E|CS|TAMS 0x000000074d400000, 0x000000074d400000| Complete 
|  91|0x000000074d600000, 0x000000074d800000, 0x000000074d800000|100%| E|CS|TAMS 0x000000074d600000, 0x000000074d600000| Complete 
|  92|0x000000074d800000, 0x000000074da00000, 0x000000074da00000|100%| E|CS|TAMS 0x000000074d800000, 0x000000074d800000| Complete 
|  93|0x000000074da00000, 0x000000074dc00000, 0x000000074dc00000|100%| E|CS|TAMS 0x000000074da00000, 0x000000074da00000| Complete 
|  94|0x000000074dc00000, 0x000000074de00000, 0x000000074de00000|100%| E|CS|TAMS 0x000000074dc00000, 0x000000074dc00000| Complete 

Card table byte_map: [0x0000029d79de0000,0x0000029d7a3d0000] _byte_map_base: 0x0000029d763d0000

Marking Bits (Prev, Next): (CMBitMap*) 0x0000029d60d4e7b0, (CMBitMap*) 0x0000029d60d4e7f0
 Prev Bits: [0x0000029d7a9c0000, 0x0000029d7d940000)
 Next Bits: [0x0000029d00000000, 0x0000029d02f80000)

Polling page: 0x0000029d60dc0000

Metaspace:

Usage:
  Non-class:      5.66 MB used.
      Class:    785.48 KB used.
       Both:      6.43 MB used.

Virtual space:
  Non-class space:       64.00 MB reserved,       5.75 MB (  9%) committed,  1 nodes.
      Class space:        1.00 GB reserved,     832.00 KB ( <1%) committed,  1 nodes.
             Both:        1.06 GB reserved,       6.56 MB ( <1%) committed. 

Chunk freelists:
   Non-Class:  8.33 MB
       Class:  15.14 MB
        Both:  23.47 MB

MaxMetaspaceSize: unlimited
CompressedClassSpaceSize: 1.00 GB
Initial GC threshold: 21.00 MB
Current GC threshold: 21.00 MB
CDS: on
MetaspaceReclaimPolicy: balanced
 - commit_granule_bytes: 65536.
 - commit_granule_words: 8192.
 - virtual_space_node_default_size: 8388608.
 - enlarge_chunks_in_place: 1.
 - new_chunks_are_fully_committed: 0.
 - uncommit_free_chunks: 1.
 - use_allocation_guard: 0.
 - handle_deallocations: 1.


Internal statistics:

num_allocs_failed_limit: 0.
num_arena_births: 40.
num_arena_deaths: 0.
num_vsnodes_births: 2.
num_vsnodes_deaths: 0.
num_space_committed: 105.
num_space_uncommitted: 0.
num_chunks_returned_to_freelist: 0.
num_chunks_taken_from_freelist: 241.
num_chunk_merges: 0.
num_chunk_splits: 163.
num_chunks_enlarged: 135.
num_inconsistent_stats: 0.

CodeHeap 'non-profiled nmethods': size=120000Kb used=567Kb max_used=567Kb free=119432Kb
 bounds [0x0000029d71860000, 0x0000029d71ad0000, 0x0000029d78d90000]
CodeHeap 'profiled nmethods': size=120000Kb used=2677Kb max_used=2677Kb free=117322Kb
 bounds [0x0000029d69d90000, 0x0000029d6a030000, 0x0000029d712c0000]
CodeHeap 'non-nmethods': size=5760Kb used=1143Kb max_used=1251Kb free=4617Kb
 bounds [0x0000029d712c0000, 0x0000029d71530000, 0x0000029d71860000]
 total_blobs=1843 nmethods=1413 adapters=343
 compilation: enabled
              stopped_count=0, restarted_count=0
 full_count=0

Compilation events (20 events):
Event: 1.521 Thread 0x0000029d0346bed0 1372       3       java.lang.StringLatin1::compareToCI (108 bytes)
Event: 1.522 Thread 0x0000029d0346bed0 nmethod 1372 0x0000029d6a013190 code [0x0000029d6a0133e0, 0x0000029d6a013cd8]
Event: 1.522 Thread 0x0000029d49529dc0 nmethod 1370 0x0000029d718eb890 code [0x0000029d718eba20, 0x0000029d718ebb68]
Event: 1.523 Thread 0x0000029d49529dc0 1371       4       jdk.internal.jimage.BasicImageReader::getLocationIndex (52 bytes)
Event: 1.526 Thread 0x0000029d0346bed0 1374       1       java.util.Collections$EmptyIterator::hasNext (2 bytes)
Event: 1.526 Thread 0x0000029d0346bed0 nmethod 1374 0x0000029d718ebc90 code [0x0000029d718ebe20, 0x0000029d718ebef8]
Event: 1.526 Thread 0x0000029d0346bed0 1375       3       java.util.concurrent.atomic.AtomicReferenceArray::length (6 bytes)
Event: 1.526 Thread 0x0000029d0346bed0 nmethod 1375 0x0000029d6a014110 code [0x0000029d6a0142a0, 0x0000029d6a0143b8]
Event: 1.526 Thread 0x0000029d0346bed0 1376       3       java.util.WeakHashMap::isEmpty (13 bytes)
Event: 1.526 Thread 0x0000029d0346bed0 nmethod 1376 0x0000029d6a014490 code [0x0000029d6a014640, 0x0000029d6a0148a8]
Event: 1.528 Thread 0x0000029d0346bed0 1378       3       sun.reflect.generics.parser.SignatureParser::parsePackageNameAndSimpleClassTypeSignature (119 bytes)
Event: 1.530 Thread 0x0000029d0346bed0 nmethod 1378 0x0000029d6a014990 code [0x0000029d6a014c80, 0x0000029d6a015748]
Event: 1.530 Thread 0x0000029d0346bed0 1377       3       sun.reflect.generics.parser.SignatureParser::parseClassTypeSignature (118 bytes)
Event: 1.532 Thread 0x0000029d0346bed0 nmethod 1377 0x0000029d6a015b90 code [0x0000029d6a015f20, 0x0000029d6a017358]
Event: 1.532 Thread 0x0000029d0346bed0 1379       3       java.lang.String::substring (10 bytes)
Event: 1.532 Thread 0x0000029d0346bed0 nmethod 1379 0x0000029d6a017b10 code [0x0000029d6a017cc0, 0x0000029d6a017f08]
Event: 1.535 Thread 0x0000029d0346bed0 1380       3       java.util.concurrent.TimeUnit::toMillis (69 bytes)
Event: 1.536 Thread 0x0000029d0346bed0 nmethod 1380 0x0000029d6a018010 code [0x0000029d6a0181c0, 0x0000029d6a0184d8]
Event: 1.537 Thread 0x0000029d0346bed0 1381       3       java.lang.Class::getDeclaredMethods (27 bytes)
Event: 1.538 Thread 0x0000029d0346bed0 nmethod 1381 0x0000029d6a018590 code [0x0000029d6a018780, 0x0000029d6a018a98]

GC Heap History (2 events):
Event: 1.128 GC heap before
{Heap before GC invocations=0 (full 0):
 garbage-first heap   total 194560K, used 22528K [0x0000000742000000, 0x0000000800000000)
  region size 2048K, 11 young (22528K), 0 survivors (0K)
 Metaspace       used 5101K, committed 5184K, reserved 1114112K
  class space    used 609K, committed 640K, reserved 1048576K
}
Event: 1.135 GC heap after
{Heap after GC invocations=1 (full 0):
 garbage-first heap   total 194560K, used 3731K [0x0000000742000000, 0x0000000800000000)
  region size 2048K, 2 young (4096K), 2 survivors (4096K)
 Metaspace       used 5101K, committed 5184K, reserved 1114112K
  class space    used 609K, committed 640K, reserved 1048576K
}

Deoptimization events (20 events):
Event: 0.582 Thread 0x0000029d60cf4ff0 DEOPT PACKING pc=0x0000029d69ddd865 sp=0x000000fe382fc490
Event: 0.582 Thread 0x0000029d60cf4ff0 DEOPT UNPACKING pc=0x0000029d71312b43 sp=0x000000fe382fb8e0 mode 0
Event: 1.028 Thread 0x0000029d60cf4ff0 DEOPT PACKING pc=0x0000029d69e0df54 sp=0x000000fe382fd6d0
Event: 1.028 Thread 0x0000029d60cf4ff0 DEOPT UNPACKING pc=0x0000029d71312b43 sp=0x000000fe382fcb80 mode 0
Event: 1.044 Thread 0x0000029d60cf4ff0 DEOPT PACKING pc=0x0000029d69dc4bd6 sp=0x000000fe382fcfc0
Event: 1.044 Thread 0x0000029d60cf4ff0 DEOPT UNPACKING pc=0x0000029d71312b43 sp=0x000000fe382fc460 mode 0
Event: 1.074 Thread 0x0000029d60cf4ff0 DEOPT PACKING pc=0x0000029d69e4d13b sp=0x000000fe382fd2c0
Event: 1.074 Thread 0x0000029d60cf4ff0 DEOPT UNPACKING pc=0x0000029d71312b43 sp=0x000000fe382fc720 mode 0
Event: 1.436 Thread 0x0000029d60cf4ff0 Uncommon trap: trap_request=0xffffff45 fr.pc=0x0000029d718d9fe4 relative=0x00000000000004c4
Event: 1.436 Thread 0x0000029d60cf4ff0 Uncommon trap: reason=unstable_if action=reinterpret pc=0x0000029d718d9fe4 method=java.lang.String.<init>([CIILjava/lang/Void;)V @ 5 c2
Event: 1.436 Thread 0x0000029d60cf4ff0 DEOPT PACKING pc=0x0000029d718d9fe4 sp=0x000000fe382fd710
Event: 1.437 Thread 0x0000029d60cf4ff0 DEOPT UNPACKING pc=0x0000029d713123a3 sp=0x000000fe382fd5a8 mode 2
Event: 1.482 Thread 0x0000029d60cf4ff0 DEOPT PACKING pc=0x0000029d69f87034 sp=0x000000fe382fd890
Event: 1.482 Thread 0x0000029d60cf4ff0 DEOPT UNPACKING pc=0x0000029d71312b43 sp=0x000000fe382fcd00 mode 0
Event: 1.492 Thread 0x0000029d60cf4ff0 Uncommon trap: trap_request=0xffffff45 fr.pc=0x0000029d718dffd8 relative=0x0000000000000438
Event: 1.492 Thread 0x0000029d60cf4ff0 Uncommon trap: reason=unstable_if action=reinterpret pc=0x0000029d718dffd8 method=java.lang.String.<init>([CIILjava/lang/Void;)V @ 5 c2
Event: 1.492 Thread 0x0000029d60cf4ff0 DEOPT PACKING pc=0x0000029d718dffd8 sp=0x000000fe382fd6c0
Event: 1.492 Thread 0x0000029d60cf4ff0 DEOPT UNPACKING pc=0x0000029d713123a3 sp=0x000000fe382fd608 mode 2
Event: 1.503 Thread 0x0000029d60cf4ff0 DEOPT PACKING pc=0x0000029d69ffd819 sp=0x000000fe382fd7f0
Event: 1.503 Thread 0x0000029d60cf4ff0 DEOPT UNPACKING pc=0x0000029d71312b43 sp=0x000000fe382fcc48 mode 0

Classes unloaded (0 events):
No events

Classes redefined (0 events):
No events

Internal exceptions (19 events):
Event: 0.291 Thread 0x0000029d60cf4ff0 Exception <a 'java/lang/NullPointerException'{0x000000074d837e70}> (0x000000074d837e70) 
thrown [s\open\src\hotspot\share\interpreter\linkResolver.cpp, line 1350]
Event: 0.308 Thread 0x0000029d60cf4ff0 Exception <a 'java/lang/NullPointerException'{0x000000074d866fb0}> (0x000000074d866fb0) 
thrown [s\open\src\hotspot\share\interpreter\linkResolver.cpp, line 1350]
Event: 0.308 Thread 0x0000029d60cf4ff0 Exception <a 'java/lang/NullPointerException'{0x000000074d867288}> (0x000000074d867288) 
thrown [s\open\src\hotspot\share\interpreter\linkResolver.cpp, line 1350]
Event: 0.308 Thread 0x0000029d60cf4ff0 Exception <a 'java/lang/NullPointerException'{0x000000074d867560}> (0x000000074d867560) 
thrown [s\open\src\hotspot\share\interpreter\linkResolver.cpp, line 1350]
Event: 0.310 Thread 0x0000029d60cf4ff0 Exception <a 'java/lang/NullPointerException'{0x000000074d86cee0}> (0x000000074d86cee0) 
thrown [s\open\src\hotspot\share\interpreter\linkResolver.cpp, line 1350]
Event: 0.312 Thread 0x0000029d60cf4ff0 Exception <a 'java/lang/NullPointerException'{0x000000074d8824e0}> (0x000000074d8824e0) 
thrown [s\open\src\hotspot\share\interpreter\linkResolver.cpp, line 1350]
Event: 0.312 Thread 0x0000029d60cf4ff0 Exception <a 'java/lang/NullPointerException'{0x000000074d8827b8}> (0x000000074d8827b8) 
thrown [s\open\src\hotspot\share\interpreter\linkResolver.cpp, line 1350]
Event: 0.312 Thread 0x0000029d60cf4ff0 Exception <a 'java/lang/NullPointerException'{0x000000074d882a90}> (0x000000074d882a90) 
thrown [s\open\src\hotspot\share\interpreter\linkResolver.cpp, line 1350]
Event: 0.312 Thread 0x0000029d60cf4ff0 Exception <a 'java/lang/NullPointerException'{0x000000074d882d68}> (0x000000074d882d68) 
thrown [s\open\src\hotspot\share\interpreter\linkResolver.cpp, line 1350]
Event: 0.447 Thread 0x0000029d60cf4ff0 Exception <a 'java/lang/NoSuchMethodError'{0x000000074d6b5ef0}: 'java.lang.Object java.lang.invoke.DirectMethodHandle$Holder.invokeSpecialIFC(java.lang.Object, java.lang.Object, java.lang.Object, java.lang.Object)'> (0x000000074d6b5ef0) 
thrown [s\open\src\hotspot\share\interpreter\linkResolver.cpp, line 759]
Event: 0.726 Thread 0x0000029d60cf4ff0 Exception <a 'java/lang/NoSuchMethodError'{0x000000074d0576b8}: 'void java.lang.invoke.DirectMethodHandle$Holder.invokeSpecial(java.lang.Object, java.lang.Object, java.lang.Object)'> (0x000000074d0576b8) 
thrown [s\open\src\hotspot\share\interpreter\linkResolver.cpp, line 759]
Event: 0.776 Thread 0x0000029d60cf4ff0 Exception <a 'java/lang/NoSuchMethodError'{0x000000074d18f708}: 'java.lang.Object java.lang.invoke.DirectMethodHandle$Holder.invokeInterface(java.lang.Object, java.lang.Object)'> (0x000000074d18f708) 
thrown [s\open\src\hotspot\share\interpreter\linkResolver.cpp, line 759]
Event: 0.780 Thread 0x0000029d60cf4ff0 Exception <a 'java/lang/NoSuchMethodError'{0x000000074d198a58}: 'int java.lang.invoke.DirectMethodHandle$Holder.invokeSpecial(java.lang.Object, java.lang.Object, java.lang.Object)'> (0x000000074d198a58) 
thrown [s\open\src\hotspot\share\interpreter\linkResolver.cpp, line 759]
Event: 0.813 Thread 0x0000029d60cf4ff0 Exception <a 'java/lang/NoSuchMethodError'{0x000000074ce2f000}: 'java.lang.Object java.lang.invoke.Invokers$Holder.invokeExact_MT(java.lang.Object, java.lang.Object, java.lang.Object, java.lang.Object, java.lang.Object, java.lang.Object)'> (0x000000074ce2f000) 
thrown [s\open\src\hotspot\share\interpreter\linkResolver.cpp, line 759]
Event: 0.819 Thread 0x0000029d60cf4ff0 Exception <a 'java/lang/NoSuchMethodError'{0x000000074ce43fc0}: 'int java.lang.invoke.DirectMethodHandle$Holder.invokeSpecialIFC(java.lang.Object, java.lang.Object, java.lang.Object, java.lang.Object, java.lang.Object)'> (0x000000074ce43fc0) 
thrown [s\open\src\hotspot\share\interpreter\linkResolver.cpp, line 759]
Event: 0.949 Thread 0x0000029d60cf4ff0 Exception <a 'java/lang/NoSuchMethodError'{0x000000074cfdec10}: 'java.lang.Object java.lang.invoke.DirectMethodHandle$Holder.newInvokeSpecial(java.lang.Object, java.lang.Object, java.lang.Object, java.lang.Object, java.lang.Object)'> (0x000000074cfdec10) 
thrown [s\open\src\hotspot\share\interpreter\linkResolver.cpp, line 759]
Event: 1.005 Thread 0x0000029d60cf4ff0 Exception <a 'java/lang/NoSuchMethodError'{0x000000074cce1038}: 'int java.lang.invoke.DirectMethodHandle$Holder.invokeStaticInit(java.lang.Object, java.lang.Object)'> (0x000000074cce1038) 
thrown [s\open\src\hotspot\share\interpreter\linkResolver.cpp, line 759]
Event: 1.020 Thread 0x0000029d60cf4ff0 Exception <a 'java/lang/NoClassDefFoundError'{0x000000074cd1b850}: javax/enterprise/inject/Typed> (0x000000074cd1b850) 
thrown [s\open\src\hotspot\share\classfile\systemDictionary.cpp, line 245]
Event: 1.339 Thread 0x0000029d60cf4ff0 Exception <a 'java/lang/NoSuchMethodError'{0x000000074d6d8520}: 'java.lang.Object java.lang.invoke.DirectMethodHandle$Holder.invokeStaticInit(java.lang.Object)'> (0x000000074d6d8520) 
thrown [s\open\src\hotspot\share\interpreter\linkResolver.cpp, line 759]

VM Operations (10 events):
Event: 0.118 Executing VM operation: HandshakeAllThreads
Event: 0.118 Executing VM operation: HandshakeAllThreads done
Event: 0.289 Executing VM operation: HandshakeAllThreads
Event: 0.289 Executing VM operation: HandshakeAllThreads done
Event: 0.299 Executing VM operation: HandshakeAllThreads
Event: 0.299 Executing VM operation: HandshakeAllThreads done
Event: 0.470 Executing VM operation: HandshakeAllThreads
Event: 0.470 Executing VM operation: HandshakeAllThreads done
Event: 1.127 Executing VM operation: G1CollectForAllocation
Event: 1.135 Executing VM operation: G1CollectForAllocation done

Events (20 events):
Event: 1.348 loading class jdk/internal/reflect/ByteVectorImpl
Event: 1.348 loading class jdk/internal/reflect/ByteVector
Event: 1.348 loading class jdk/internal/reflect/ByteVector done
Event: 1.348 loading class jdk/internal/reflect/ByteVectorImpl done
Event: 1.348 loading class jdk/internal/reflect/ClassFileAssembler
Event: 1.348 loading class jdk/internal/reflect/ClassFileAssembler done
Event: 1.348 loading class jdk/internal/reflect/UTF8
Event: 1.349 loading class jdk/internal/reflect/UTF8 done
Event: 1.350 loading class jdk/internal/reflect/Label
Event: 1.350 loading class jdk/internal/reflect/Label done
Event: 1.350 loading class jdk/internal/reflect/Label$PatchInfo
Event: 1.350 loading class jdk/internal/reflect/Label$PatchInfo done
Event: 1.350 loading class jdk/internal/reflect/MethodAccessorGenerator$1
Event: 1.350 loading class jdk/internal/reflect/MethodAccessorGenerator$1 done
Event: 1.350 loading class jdk/internal/reflect/ClassDefiner
Event: 1.350 loading class jdk/internal/reflect/ClassDefiner done
Event: 1.350 loading class jdk/internal/reflect/ClassDefiner$1
Event: 1.351 loading class jdk/internal/reflect/ClassDefiner$1 done
Event: 1.351 loading class jdk/internal/reflect/BootstrapConstructorAccessorImpl
Event: 1.351 loading class jdk/internal/reflect/BootstrapConstructorAccessorImpl done


Dynamic libraries:
0x00007ff7cd8f0000 - 0x00007ff7cd900000 	C:\Program Files\Java\jdk-17\bin\java.exe
0x00007ffa55fd0000 - 0x00007ffa561e7000 	C:\WINDOWS\SYSTEM32\ntdll.dll
0x00007ffa53da0000 - 0x00007ffa53e64000 	C:\WINDOWS\System32\KERNEL32.DLL
0x00007ffa533b0000 - 0x00007ffa53757000 	C:\WINDOWS\System32\KERNELBASE.dll
0x00007ffa53b70000 - 0x00007ffa53c81000 	C:\WINDOWS\System32\ucrtbase.dll
0x00007ffa3bf10000 - 0x00007ffa3bf2b000 	C:\Program Files\Java\jdk-17\bin\VCRUNTIME140.dll
0x00007ffa3bec0000 - 0x00007ffa3bed9000 	C:\Program Files\Java\jdk-17\bin\jli.dll
0x00007ffa557e0000 - 0x00007ffa55892000 	C:\WINDOWS\System32\ADVAPI32.dll
0x00007ffa54050000 - 0x00007ffa540f7000 	C:\WINDOWS\System32\msvcrt.dll
0x00007ffa54a40000 - 0x00007ffa54ae8000 	C:\WINDOWS\System32\sechost.dll
0x00007ffa53760000 - 0x00007ffa53788000 	C:\WINDOWS\System32\bcrypt.dll
0x00007ffa553f0000 - 0x00007ffa55505000 	C:\WINDOWS\System32\RPCRT4.dll
0x00007ffa54170000 - 0x00007ffa5431e000 	C:\WINDOWS\System32\USER32.dll
0x00007ffa53810000 - 0x00007ffa53836000 	C:\WINDOWS\System32\win32u.dll
0x00007ffa53d10000 - 0x00007ffa53d39000 	C:\WINDOWS\System32\GDI32.dll
0x00007ffa3c060000 - 0x00007ffa3c2f3000 	C:\WINDOWS\WinSxS\amd64_microsoft.windows.common-controls_6595b64144ccf1df_6.0.22621.3527_none_270e469b73872a76\COMCTL32.dll
0x00007ffa538e0000 - 0x00007ffa539f9000 	C:\WINDOWS\System32\gdi32full.dll
0x00007ffa53840000 - 0x00007ffa538da000 	C:\WINDOWS\System32\msvcp_win.dll
0x00007ffa4aaf0000 - 0x00007ffa4aafa000 	C:\WINDOWS\SYSTEM32\VERSION.dll
0x00007ffa54a00000 - 0x00007ffa54a31000 	C:\WINDOWS\System32\IMM32.DLL
0x00007ffa4e430000 - 0x00007ffa4e43c000 	C:\Program Files\Java\jdk-17\bin\vcruntime140_1.dll
0x00007ffa33850000 - 0x00007ffa338de000 	C:\Program Files\Java\jdk-17\bin\msvcp140.dll
0x00007ff9f79f0000 - 0x00007ff9f85d1000 	C:\Program Files\Java\jdk-17\bin\server\jvm.dll
0x00007ffa55510000 - 0x00007ffa55518000 	C:\WINDOWS\System32\PSAPI.DLL
0x00007ffa3cff0000 - 0x00007ffa3cff9000 	C:\WINDOWS\SYSTEM32\WSOCK32.dll
0x00007ffa53fd0000 - 0x00007ffa54041000 	C:\WINDOWS\System32\WS2_32.dll
0x00007ffa4c540000 - 0x00007ffa4c574000 	C:\WINDOWS\SYSTEM32\WINMM.dll
0x00007ffa52310000 - 0x00007ffa52328000 	C:\WINDOWS\SYSTEM32\kernel.appcore.dll
0x00007ffa4da20000 - 0x00007ffa4da2a000 	C:\Program Files\Java\jdk-17\bin\jimage.dll
0x00007ffa50b60000 - 0x00007ffa50d92000 	C:\WINDOWS\SYSTEM32\DBGHELP.DLL
0x00007ffa544b0000 - 0x00007ffa54838000 	C:\WINDOWS\System32\combase.dll
0x00007ffa543d0000 - 0x00007ffa544a7000 	C:\WINDOWS\System32\OLEAUT32.dll
0x00007ffa34720000 - 0x00007ffa34752000 	C:\WINDOWS\SYSTEM32\dbgcore.DLL
0x00007ffa53790000 - 0x00007ffa53809000 	C:\WINDOWS\System32\bcryptPrimitives.dll
0x00007ffa3bdf0000 - 0x00007ffa3be15000 	C:\Program Files\Java\jdk-17\bin\java.dll
0x00007ffa350e0000 - 0x00007ffa351b7000 	C:\Program Files\Java\jdk-17\bin\jsvml.dll
0x00007ffa54b80000 - 0x00007ffa553dc000 	C:\WINDOWS\System32\SHELL32.dll
0x00007ffa51230000 - 0x00007ffa51b26000 	C:\WINDOWS\SYSTEM32\windows.storage.dll
0x00007ffa510f0000 - 0x00007ffa5122e000 	C:\WINDOWS\SYSTEM32\wintypes.dll
0x00007ffa54840000 - 0x00007ffa54935000 	C:\WINDOWS\System32\SHCORE.dll
0x00007ffa53d40000 - 0x00007ffa53d9e000 	C:\WINDOWS\System32\shlwapi.dll
0x00007ffa53220000 - 0x00007ffa53241000 	C:\WINDOWS\SYSTEM32\profapi.dll
0x00007ffa3bd90000 - 0x00007ffa3bda9000 	C:\Program Files\Java\jdk-17\bin\net.dll
0x00007ffa4c7b0000 - 0x00007ffa4c8e6000 	C:\WINDOWS\SYSTEM32\WINHTTP.dll
0x00007ffa52780000 - 0x00007ffa527e9000 	C:\WINDOWS\system32\mswsock.dll
0x00007ffa3b670000 - 0x00007ffa3b686000 	C:\Program Files\Java\jdk-17\bin\nio.dll
0x00007ffa3adf0000 - 0x00007ffa3ae08000 	C:\Program Files\Java\jdk-17\bin\zip.dll
0x0000000069ac0000 - 0x0000000069ae4000 	C:\Program Files\NetBeans-18\netbeans\java\maven\lib\jansi-native\Windows\x86_64\jansi.dll
0x00007ffa4d9c0000 - 0x00007ffa4d9d0000 	C:\Program Files\Java\jdk-17\bin\verify.dll

dbghelp: loaded successfully - version: 4.0.5 - missing functions: none
symbol engine: initialized successfully - sym options: 0x614 - pdb path: .;C:\Program Files\Java\jdk-17\bin;C:\WINDOWS\SYSTEM32;C:\WINDOWS\WinSxS\amd64_microsoft.windows.common-controls_6595b64144ccf1df_6.0.22621.3527_none_270e469b73872a76;C:\Program Files\Java\jdk-17\bin\server;C:\Program Files\NetBeans-18\netbeans\java\maven\lib\jansi-native\Windows\x86_64

VM Arguments:
jvm_args: -Dclassworlds.conf=C:\Program Files\NetBeans-18\netbeans\java\maven\bin\m2.conf -Dmaven.home=C:\Program Files\NetBeans-18\netbeans\java\maven -Dlibrary.jansi.path=C:\Program Files\NetBeans-18\netbeans\java\maven\lib\jansi-native -Dmaven.multiModuleProjectDirectory=D:\DuAnMau_PY00008\EduSys 
java_command: org.codehaus.plexus.classworlds.launcher.Launcher -Dexec.vmArgs= -Dexec.args=${exec.vmArgs} -classpath %classpath ${exec.mainClass} ${exec.appArgs} -Dexec.executable=C:\Program Files\Java\jdk-17\bin\java.exe -Dexec.mainClass=com.edusys.ui.ChuyenDeJDialog -Dexec.classpathScope=runtime -Dexec.appArgs= -Dmaven.ext.class.path=C:\Program Files\NetBeans-18\netbeans\java\maven-nblib\netbeans-eventspy.jar -Dfile.encoding=UTF-8 --no-transfer-progress process-classes org.codehaus.mojo:exec-maven-plugin:3.1.0:exec
java_class_path (initial): C:\Program Files\NetBeans-18\netbeans\java\maven\boot\plexus-classworlds-2.6.0.jar
Launcher Type: SUN_STANDARD

[Global flags]
     intx CICompilerCount                          = 4                                         {product} {ergonomic}
     uint ConcGCThreads                            = 2                                         {product} {ergonomic}
     uint G1ConcRefinementThreads                  = 8                                         {product} {ergonomic}
   size_t G1HeapRegionSize                         = 2097152                                   {product} {ergonomic}
    uintx GCDrainStackTargetSize                   = 64                                        {product} {ergonomic}
   size_t InitialHeapSize                          = 199229440                                 {product} {ergonomic}
   size_t MarkStackSize                            = 4194304                                   {product} {ergonomic}
   size_t MaxHeapSize                              = 3187671040                                {product} {ergonomic}
   size_t MaxNewSize                               = 1912602624                                {product} {ergonomic}
   size_t MinHeapDeltaBytes                        = 2097152                                   {product} {ergonomic}
   size_t MinHeapSize                              = 8388608                                   {product} {ergonomic}
    uintx NonNMethodCodeHeapSize                   = 5839372                                {pd product} {ergonomic}
    uintx NonProfiledCodeHeapSize                  = 122909434                              {pd product} {ergonomic}
    uintx ProfiledCodeHeapSize                     = 122909434                              {pd product} {ergonomic}
    uintx ReservedCodeCacheSize                    = 251658240                              {pd product} {ergonomic}
     bool SegmentedCodeCache                       = true                                      {product} {ergonomic}
   size_t SoftMaxHeapSize                          = 3187671040                             {manageable} {ergonomic}
     bool UseCompressedClassPointers               = true                           {product lp64_product} {ergonomic}
     bool UseCompressedOops                        = true                           {product lp64_product} {ergonomic}
     bool UseG1GC                                  = true                                      {product} {ergonomic}
     bool UseLargePagesIndividualAllocation        = false                                  {pd product} {ergonomic}

Logging:
Log output configuration:
 #0: stdout all=warning uptime,level,tags
 #1: stderr all=off uptime,level,tags

Environment Variables:
JAVA_HOME=C:\Program Files\Java\jdk-17
PATH=C:\Program Files\Common Files\Oracle\Java\javapath;C:\Program Files (x86)\Common Files\Oracle\Java\javapath;C:\WINDOWS\system32;C:\WINDOWS;C:\WINDOWS\System32\Wbem;C:\WINDOWS\System32\WindowsPowerShell\v1.0\;C:\WINDOWS\System32\OpenSSH\;C:\Program Files (x86)\Intel\Intel(R) Management Engine Components\DAL;C:\Program Files\Intel\Intel(R) Management Engine Components\DAL;C:\Program Files (x86)\Microsoft SQL Server\160\Tools\Binn\;C:\Program Files\Microsoft SQL Server\160\Tools\Binn\;C:\Program Files\Microsoft SQL Server\Client SDK\ODBC\170\Tools\Binn\;C:\Program Files\Microsoft SQL Server\160\DTS\Binn\;C:\Program Files (x86)\Microsoft SQL Server\160\DTS\Binn\;C:\Program Files\Azure Data Studio\bin;C:\Users\HP\AppData\Local\Microsoft\WindowsApps;;C:\Program Files\Azure Data Studio\bin;D:\Microsoft VS Code\bin
USERNAME=HP
OS=Windows_NT
PROCESSOR_IDENTIFIER=Intel64 Family 6 Model 142 Stepping 12, GenuineIntel



---------------  S Y S T E M  ---------------

OS:
 Windows 11 , 64 bit Build 22621 (10.0.22621.3527)
OS uptime: 4 days 14:20 hours

CPU: total 8 (initial active 8) (4 cores per cpu, 2 threads per core) family 6 model 142 stepping 12 microcode 0xec, cx8, cmov, fxsr, ht, mmx, 3dnowpref, sse, sse2, sse3, ssse3, sse4.1, sse4.2, popcnt, lzcnt, tsc, tscinvbit, avx, avx2, aes, erms, clmul, bmi1, bmi2, adx, fma, vzeroupper, clflush, clflushopt

Memory: 4k page, system-wide physical 12158M (2911M free)
TotalPageFile size 18149M (AvailPageFile size 13M)
current process WorkingSet (physical memory assigned to process): 90M, peak: 90M
current process commit charge ("private bytes"): 301M, peak: 302M

vm_info: Java HotSpot(TM) 64-Bit Server VM (17.0.9+11-LTS-201) for windows-amd64 JRE (17.0.9+11-LTS-201), built on Oct 10 2023 23:16:06 by "mach5one" with MS VC++ 17.1 (VS2022)

END.
